2025-03-07 20:59:54,897 INFO 6596 [Job#17413523946291763799987714002] D:\xuexishipin\exercise\zhu-fen-exercise\egg\9.egg\node_modules\egg-multipart\app\schedule\clean_tmpdir.js execute succeed, used 266ms. 
2025-03-07 21:12:20,509 INFO 16752 [Timer] D:\xuexishipin\exercise\zhu-fen-exercise\egg\9.egg\node_modules\egg-multipart\app\schedule\clean_tmpdir.js next time will execute after 26259493ms at 2025-03-08 04:30:00.002
2025-03-07 21:12:20,509 INFO 16752 [Timer] D:\xuexishipin\exercise\zhu-fen-exercise\egg\9.egg\node_modules\egg-logrotator\app\schedule\clean_log.js next time will execute after 10059491ms at 2025-03-08 00:00:00.000
2025-03-07 21:12:20,510 INFO 16752 [Timer] D:\xuexishipin\exercise\zhu-fen-exercise\egg\9.egg\node_modules\egg-logrotator\app\schedule\rotate_by_file.js next time will execute after 10060490ms at 2025-03-08 00:00:01.000
2025-03-07 21:12:20,348 INFO 18632 [egg-schedule]: register schedule D:\xuexishipin\exercise\zhu-fen-exercise\egg\9.egg\node_modules\egg-multipart\app\schedule\clean_tmpdir.js
2025-03-07 21:12:20,348 INFO 18632 [egg-schedule]: register schedule D:\xuexishipin\exercise\zhu-fen-exercise\egg\9.egg\node_modules\egg-logrotator\app\schedule\clean_log.js
2025-03-07 21:12:20,349 INFO 18632 [egg-schedule]: register schedule D:\xuexishipin\exercise\zhu-fen-exercise\egg\9.egg\node_modules\egg-logrotator\app\schedule\rotate_by_file.js
2025-03-07 21:12:21,899 INFO 10976 [egg-schedule]: register schedule D:\xuexishipin\exercise\zhu-fen-exercise\egg\9.egg\node_modules\egg-multipart\app\schedule\clean_tmpdir.js
2025-03-07 21:12:21,899 INFO 10976 [egg-schedule]: register schedule D:\xuexishipin\exercise\zhu-fen-exercise\egg\9.egg\node_modules\egg-logrotator\app\schedule\clean_log.js
2025-03-07 21:12:21,900 INFO 10976 [egg-schedule]: register schedule D:\xuexishipin\exercise\zhu-fen-exercise\egg\9.egg\node_modules\egg-logrotator\app\schedule\rotate_by_file.js
2025-03-07 21:14:12,100 INFO 10476 [egg-schedule]: register schedule D:\xuexishipin\exercise\zhu-fen-exercise\egg\9.egg\node_modules\egg-multipart\app\schedule\clean_tmpdir.js
2025-03-07 21:14:12,100 INFO 10476 [egg-schedule]: register schedule D:\xuexishipin\exercise\zhu-fen-exercise\egg\9.egg\node_modules\egg-logrotator\app\schedule\clean_log.js
2025-03-07 21:14:12,100 INFO 10476 [egg-schedule]: register schedule D:\xuexishipin\exercise\zhu-fen-exercise\egg\9.egg\node_modules\egg-logrotator\app\schedule\rotate_by_file.js
2025-03-07 21:14:20,892 INFO 16056 [egg-schedule]: register schedule D:\xuexishipin\exercise\zhu-fen-exercise\egg\9.egg\node_modules\egg-multipart\app\schedule\clean_tmpdir.js
2025-03-07 21:14:20,892 INFO 16056 [egg-schedule]: register schedule D:\xuexishipin\exercise\zhu-fen-exercise\egg\9.egg\node_modules\egg-logrotator\app\schedule\clean_log.js
2025-03-07 21:14:20,892 INFO 16056 [egg-schedule]: register schedule D:\xuexishipin\exercise\zhu-fen-exercise\egg\9.egg\node_modules\egg-logrotator\app\schedule\rotate_by_file.js
2025-03-07 21:18:50,154 INFO 17736 [egg-schedule]: register schedule D:\xuexishipin\exercise\zhu-fen-exercise\egg\9.egg\node_modules\egg-multipart\app\schedule\clean_tmpdir.js
2025-03-07 21:18:50,154 INFO 17736 [egg-schedule]: register schedule D:\xuexishipin\exercise\zhu-fen-exercise\egg\9.egg\node_modules\egg-logrotator\app\schedule\clean_log.js
2025-03-07 21:18:50,155 INFO 17736 [egg-schedule]: register schedule D:\xuexishipin\exercise\zhu-fen-exercise\egg\9.egg\node_modules\egg-logrotator\app\schedule\rotate_by_file.js
2025-03-07 21:18:50,155 INFO 17736 [egg-schedule]: register schedule D:\xuexishipin\exercise\zhu-fen-exercise\egg\9.egg\app\schedule\updateCache.js
2025-03-07 21:18:56,317 INFO 1568 [egg-schedule]: register schedule D:\xuexishipin\exercise\zhu-fen-exercise\egg\9.egg\node_modules\egg-multipart\app\schedule\clean_tmpdir.js
2025-03-07 21:18:56,317 INFO 1568 [egg-schedule]: register schedule D:\xuexishipin\exercise\zhu-fen-exercise\egg\9.egg\node_modules\egg-logrotator\app\schedule\clean_log.js
2025-03-07 21:18:56,317 INFO 1568 [egg-schedule]: register schedule D:\xuexishipin\exercise\zhu-fen-exercise\egg\9.egg\node_modules\egg-logrotator\app\schedule\rotate_by_file.js
2025-03-07 21:18:56,317 INFO 1568 [egg-schedule]: register schedule D:\xuexishipin\exercise\zhu-fen-exercise\egg\9.egg\app\schedule\updateCache.js
2025-03-07 21:19:01,020 INFO 14500 [egg-schedule]: register schedule D:\xuexishipin\exercise\zhu-fen-exercise\egg\9.egg\node_modules\egg-multipart\app\schedule\clean_tmpdir.js
2025-03-07 21:19:01,020 INFO 14500 [egg-schedule]: register schedule D:\xuexishipin\exercise\zhu-fen-exercise\egg\9.egg\node_modules\egg-logrotator\app\schedule\clean_log.js
2025-03-07 21:19:01,020 INFO 14500 [egg-schedule]: register schedule D:\xuexishipin\exercise\zhu-fen-exercise\egg\9.egg\node_modules\egg-logrotator\app\schedule\rotate_by_file.js
2025-03-07 21:19:01,020 INFO 14500 [egg-schedule]: register schedule D:\xuexishipin\exercise\zhu-fen-exercise\egg\9.egg\app\schedule\updateCache.js
2025-03-07 21:19:06,304 INFO 10716 [egg-schedule]: register schedule D:\xuexishipin\exercise\zhu-fen-exercise\egg\9.egg\node_modules\egg-multipart\app\schedule\clean_tmpdir.js
2025-03-07 21:19:06,304 INFO 10716 [egg-schedule]: register schedule D:\xuexishipin\exercise\zhu-fen-exercise\egg\9.egg\node_modules\egg-logrotator\app\schedule\clean_log.js
2025-03-07 21:19:06,304 INFO 10716 [egg-schedule]: register schedule D:\xuexishipin\exercise\zhu-fen-exercise\egg\9.egg\node_modules\egg-logrotator\app\schedule\rotate_by_file.js
2025-03-07 21:19:06,304 INFO 10716 [egg-schedule]: register schedule D:\xuexishipin\exercise\zhu-fen-exercise\egg\9.egg\app\schedule\updateCache.js
2025-03-07 21:19:09,637 INFO 7880 [egg-schedule]: register schedule D:\xuexishipin\exercise\zhu-fen-exercise\egg\9.egg\node_modules\egg-multipart\app\schedule\clean_tmpdir.js
2025-03-07 21:19:09,637 INFO 7880 [egg-schedule]: register schedule D:\xuexishipin\exercise\zhu-fen-exercise\egg\9.egg\node_modules\egg-logrotator\app\schedule\clean_log.js
2025-03-07 21:19:09,637 INFO 7880 [egg-schedule]: register schedule D:\xuexishipin\exercise\zhu-fen-exercise\egg\9.egg\node_modules\egg-logrotator\app\schedule\rotate_by_file.js
2025-03-07 21:19:09,637 INFO 7880 [egg-schedule]: register schedule D:\xuexishipin\exercise\zhu-fen-exercise\egg\9.egg\app\schedule\updateCache.js
2025-03-07 21:19:24,162 INFO 18168 [egg-schedule]: register schedule D:\xuexishipin\exercise\zhu-fen-exercise\egg\9.egg\node_modules\egg-multipart\app\schedule\clean_tmpdir.js
2025-03-07 21:19:24,162 INFO 18168 [egg-schedule]: register schedule D:\xuexishipin\exercise\zhu-fen-exercise\egg\9.egg\node_modules\egg-logrotator\app\schedule\clean_log.js
2025-03-07 21:19:24,162 INFO 18168 [egg-schedule]: register schedule D:\xuexishipin\exercise\zhu-fen-exercise\egg\9.egg\node_modules\egg-logrotator\app\schedule\rotate_by_file.js
2025-03-07 21:19:24,162 INFO 18168 [egg-schedule]: register schedule D:\xuexishipin\exercise\zhu-fen-exercise\egg\9.egg\app\schedule\updateCache.js
2025-03-07 21:19:30,827 INFO 14036 [egg-schedule]: register schedule D:\xuexishipin\exercise\zhu-fen-exercise\egg\9.egg\node_modules\egg-multipart\app\schedule\clean_tmpdir.js
2025-03-07 21:19:30,827 INFO 14036 [egg-schedule]: register schedule D:\xuexishipin\exercise\zhu-fen-exercise\egg\9.egg\node_modules\egg-logrotator\app\schedule\clean_log.js
2025-03-07 21:19:30,827 INFO 14036 [egg-schedule]: register schedule D:\xuexishipin\exercise\zhu-fen-exercise\egg\9.egg\node_modules\egg-logrotator\app\schedule\rotate_by_file.js
2025-03-07 21:19:30,827 INFO 14036 [egg-schedule]: register schedule D:\xuexishipin\exercise\zhu-fen-exercise\egg\9.egg\app\schedule\updateCache.js
2025-03-07 21:19:53,636 INFO 20744 [egg-schedule]: register schedule D:\xuexishipin\exercise\zhu-fen-exercise\egg\9.egg\node_modules\egg-multipart\app\schedule\clean_tmpdir.js
2025-03-07 21:19:53,636 INFO 20744 [egg-schedule]: register schedule D:\xuexishipin\exercise\zhu-fen-exercise\egg\9.egg\node_modules\egg-logrotator\app\schedule\clean_log.js
2025-03-07 21:19:53,636 INFO 20744 [egg-schedule]: register schedule D:\xuexishipin\exercise\zhu-fen-exercise\egg\9.egg\node_modules\egg-logrotator\app\schedule\rotate_by_file.js
2025-03-07 21:19:53,636 INFO 20744 [egg-schedule]: register schedule D:\xuexishipin\exercise\zhu-fen-exercise\egg\9.egg\app\schedule\updateCache.js
2025-03-07 21:20:00,650 INFO 19228 [egg-schedule]: register schedule D:\xuexishipin\exercise\zhu-fen-exercise\egg\9.egg\node_modules\egg-multipart\app\schedule\clean_tmpdir.js
2025-03-07 21:20:00,650 INFO 19228 [egg-schedule]: register schedule D:\xuexishipin\exercise\zhu-fen-exercise\egg\9.egg\node_modules\egg-logrotator\app\schedule\clean_log.js
2025-03-07 21:20:00,650 INFO 19228 [egg-schedule]: register schedule D:\xuexishipin\exercise\zhu-fen-exercise\egg\9.egg\node_modules\egg-logrotator\app\schedule\rotate_by_file.js
2025-03-07 21:20:00,650 INFO 19228 [egg-schedule]: register schedule D:\xuexishipin\exercise\zhu-fen-exercise\egg\9.egg\app\schedule\updateCache.js
2025-03-07 21:22:47,386 INFO 17840 [egg-schedule]: register schedule D:\xuexishipin\exercise\zhu-fen-exercise\egg\9.egg\node_modules\egg-multipart\app\schedule\clean_tmpdir.js
2025-03-07 21:22:47,386 INFO 17840 [egg-schedule]: register schedule D:\xuexishipin\exercise\zhu-fen-exercise\egg\9.egg\node_modules\egg-logrotator\app\schedule\clean_log.js
2025-03-07 21:22:47,386 INFO 17840 [egg-schedule]: register schedule D:\xuexishipin\exercise\zhu-fen-exercise\egg\9.egg\node_modules\egg-logrotator\app\schedule\rotate_by_file.js
2025-03-07 21:22:47,386 INFO 17840 [egg-schedule]: register schedule D:\xuexishipin\exercise\zhu-fen-exercise\egg\9.egg\app\schedule\updateCache.js
2025-03-07 21:22:51,359 INFO 16596 [egg-schedule]: register schedule D:\xuexishipin\exercise\zhu-fen-exercise\egg\9.egg\node_modules\egg-multipart\app\schedule\clean_tmpdir.js
2025-03-07 21:22:51,359 INFO 16596 [egg-schedule]: register schedule D:\xuexishipin\exercise\zhu-fen-exercise\egg\9.egg\node_modules\egg-logrotator\app\schedule\clean_log.js
2025-03-07 21:22:51,359 INFO 16596 [egg-schedule]: register schedule D:\xuexishipin\exercise\zhu-fen-exercise\egg\9.egg\node_modules\egg-logrotator\app\schedule\rotate_by_file.js
2025-03-07 21:22:51,359 INFO 16596 [egg-schedule]: register schedule D:\xuexishipin\exercise\zhu-fen-exercise\egg\9.egg\app\schedule\updateCache.js
2025-03-07 21:23:02,025 INFO 17592 [egg-schedule]: register schedule D:\xuexishipin\exercise\zhu-fen-exercise\egg\9.egg\node_modules\egg-multipart\app\schedule\clean_tmpdir.js
2025-03-07 21:23:02,025 INFO 17592 [egg-schedule]: register schedule D:\xuexishipin\exercise\zhu-fen-exercise\egg\9.egg\node_modules\egg-logrotator\app\schedule\clean_log.js
2025-03-07 21:23:02,025 INFO 17592 [egg-schedule]: register schedule D:\xuexishipin\exercise\zhu-fen-exercise\egg\9.egg\node_modules\egg-logrotator\app\schedule\rotate_by_file.js
2025-03-07 21:23:02,025 INFO 17592 [egg-schedule]: register schedule D:\xuexishipin\exercise\zhu-fen-exercise\egg\9.egg\app\schedule\updateCache.js
2025-03-07 21:23:04,834 INFO 20852 [egg-schedule]: register schedule D:\xuexishipin\exercise\zhu-fen-exercise\egg\9.egg\node_modules\egg-multipart\app\schedule\clean_tmpdir.js
2025-03-07 21:23:04,834 INFO 20852 [egg-schedule]: register schedule D:\xuexishipin\exercise\zhu-fen-exercise\egg\9.egg\node_modules\egg-logrotator\app\schedule\clean_log.js
2025-03-07 21:23:04,834 INFO 20852 [egg-schedule]: register schedule D:\xuexishipin\exercise\zhu-fen-exercise\egg\9.egg\node_modules\egg-logrotator\app\schedule\rotate_by_file.js
2025-03-07 21:23:04,834 INFO 20852 [egg-schedule]: register schedule D:\xuexishipin\exercise\zhu-fen-exercise\egg\9.egg\app\schedule\updateCache.js
2025-03-07 21:23:44,759 INFO 10636 [egg-schedule]: register schedule D:\xuexishipin\exercise\zhu-fen-exercise\egg\9.egg\node_modules\egg-multipart\app\schedule\clean_tmpdir.js
2025-03-07 21:23:44,759 INFO 10636 [egg-schedule]: register schedule D:\xuexishipin\exercise\zhu-fen-exercise\egg\9.egg\node_modules\egg-logrotator\app\schedule\clean_log.js
2025-03-07 21:23:44,759 INFO 10636 [egg-schedule]: register schedule D:\xuexishipin\exercise\zhu-fen-exercise\egg\9.egg\node_modules\egg-logrotator\app\schedule\rotate_by_file.js
2025-03-07 21:23:44,759 INFO 10636 [egg-schedule]: register schedule D:\xuexishipin\exercise\zhu-fen-exercise\egg\9.egg\app\schedule\updateCache.js
2025-03-07 21:23:56,544 INFO 7752 [egg-schedule]: register schedule D:\xuexishipin\exercise\zhu-fen-exercise\egg\9.egg\node_modules\egg-multipart\app\schedule\clean_tmpdir.js
2025-03-07 21:23:56,544 INFO 7752 [egg-schedule]: register schedule D:\xuexishipin\exercise\zhu-fen-exercise\egg\9.egg\node_modules\egg-logrotator\app\schedule\clean_log.js
2025-03-07 21:23:56,544 INFO 7752 [egg-schedule]: register schedule D:\xuexishipin\exercise\zhu-fen-exercise\egg\9.egg\node_modules\egg-logrotator\app\schedule\rotate_by_file.js
2025-03-07 21:23:56,544 INFO 7752 [egg-schedule]: register schedule D:\xuexishipin\exercise\zhu-fen-exercise\egg\9.egg\app\schedule\updateCache.js
2025-03-07 21:23:58,117 INFO 8536 [egg-schedule]: register schedule D:\xuexishipin\exercise\zhu-fen-exercise\egg\9.egg\node_modules\egg-multipart\app\schedule\clean_tmpdir.js
2025-03-07 21:23:58,117 INFO 8536 [egg-schedule]: register schedule D:\xuexishipin\exercise\zhu-fen-exercise\egg\9.egg\node_modules\egg-logrotator\app\schedule\clean_log.js
2025-03-07 21:23:58,117 INFO 8536 [egg-schedule]: register schedule D:\xuexishipin\exercise\zhu-fen-exercise\egg\9.egg\node_modules\egg-logrotator\app\schedule\rotate_by_file.js
2025-03-07 21:23:58,117 INFO 8536 [egg-schedule]: register schedule D:\xuexishipin\exercise\zhu-fen-exercise\egg\9.egg\app\schedule\updateCache.js
2025-03-07 21:24:08,786 INFO 6596 [egg-schedule]: register schedule D:\xuexishipin\exercise\zhu-fen-exercise\egg\9.egg\node_modules\egg-multipart\app\schedule\clean_tmpdir.js
2025-03-07 21:24:08,786 INFO 6596 [egg-schedule]: register schedule D:\xuexishipin\exercise\zhu-fen-exercise\egg\9.egg\node_modules\egg-logrotator\app\schedule\clean_log.js
2025-03-07 21:24:08,786 INFO 6596 [egg-schedule]: register schedule D:\xuexishipin\exercise\zhu-fen-exercise\egg\9.egg\node_modules\egg-logrotator\app\schedule\rotate_by_file.js
2025-03-07 21:24:08,786 INFO 6596 [egg-schedule]: register schedule D:\xuexishipin\exercise\zhu-fen-exercise\egg\9.egg\app\schedule\updateCache.js
2025-03-07 21:24:10,587 INFO 20312 [egg-schedule]: register schedule D:\xuexishipin\exercise\zhu-fen-exercise\egg\9.egg\node_modules\egg-multipart\app\schedule\clean_tmpdir.js
2025-03-07 21:24:10,587 INFO 20312 [egg-schedule]: register schedule D:\xuexishipin\exercise\zhu-fen-exercise\egg\9.egg\node_modules\egg-logrotator\app\schedule\clean_log.js
2025-03-07 21:24:10,588 INFO 20312 [egg-schedule]: register schedule D:\xuexishipin\exercise\zhu-fen-exercise\egg\9.egg\node_modules\egg-logrotator\app\schedule\rotate_by_file.js
2025-03-07 21:24:10,588 INFO 20312 [egg-schedule]: register schedule D:\xuexishipin\exercise\zhu-fen-exercise\egg\9.egg\app\schedule\updateCache.js
2025-03-07 21:24:12,168 INFO 1920 [egg-schedule]: register schedule D:\xuexishipin\exercise\zhu-fen-exercise\egg\9.egg\node_modules\egg-multipart\app\schedule\clean_tmpdir.js
2025-03-07 21:24:12,168 INFO 1920 [egg-schedule]: register schedule D:\xuexishipin\exercise\zhu-fen-exercise\egg\9.egg\node_modules\egg-logrotator\app\schedule\clean_log.js
2025-03-07 21:24:12,169 INFO 1920 [egg-schedule]: register schedule D:\xuexishipin\exercise\zhu-fen-exercise\egg\9.egg\node_modules\egg-logrotator\app\schedule\rotate_by_file.js
2025-03-07 21:24:12,169 INFO 1920 [egg-schedule]: register schedule D:\xuexishipin\exercise\zhu-fen-exercise\egg\9.egg\app\schedule\updateCache.js
2025-03-07 21:24:20,025 INFO 18920 [egg-schedule]: register schedule D:\xuexishipin\exercise\zhu-fen-exercise\egg\9.egg\node_modules\egg-multipart\app\schedule\clean_tmpdir.js
2025-03-07 21:24:20,025 INFO 18920 [egg-schedule]: register schedule D:\xuexishipin\exercise\zhu-fen-exercise\egg\9.egg\node_modules\egg-logrotator\app\schedule\clean_log.js
2025-03-07 21:24:20,025 INFO 18920 [egg-schedule]: register schedule D:\xuexishipin\exercise\zhu-fen-exercise\egg\9.egg\node_modules\egg-logrotator\app\schedule\rotate_by_file.js
2025-03-07 21:24:20,025 INFO 18920 [egg-schedule]: register schedule D:\xuexishipin\exercise\zhu-fen-exercise\egg\9.egg\app\schedule\updateCache.js
2025-03-07 21:24:22,644 INFO 12000 [egg-schedule]: register schedule D:\xuexishipin\exercise\zhu-fen-exercise\egg\9.egg\node_modules\egg-multipart\app\schedule\clean_tmpdir.js
2025-03-07 21:24:22,644 INFO 12000 [egg-schedule]: register schedule D:\xuexishipin\exercise\zhu-fen-exercise\egg\9.egg\node_modules\egg-logrotator\app\schedule\clean_log.js
2025-03-07 21:24:22,644 INFO 12000 [egg-schedule]: register schedule D:\xuexishipin\exercise\zhu-fen-exercise\egg\9.egg\node_modules\egg-logrotator\app\schedule\rotate_by_file.js
2025-03-07 21:24:22,644 INFO 12000 [egg-schedule]: register schedule D:\xuexishipin\exercise\zhu-fen-exercise\egg\9.egg\app\schedule\updateCache.js
2025-03-07 21:24:25,965 INFO 19524 [egg-schedule]: register schedule D:\xuexishipin\exercise\zhu-fen-exercise\egg\9.egg\node_modules\egg-multipart\app\schedule\clean_tmpdir.js
2025-03-07 21:24:25,965 INFO 19524 [egg-schedule]: register schedule D:\xuexishipin\exercise\zhu-fen-exercise\egg\9.egg\node_modules\egg-logrotator\app\schedule\clean_log.js
2025-03-07 21:24:25,965 INFO 19524 [egg-schedule]: register schedule D:\xuexishipin\exercise\zhu-fen-exercise\egg\9.egg\node_modules\egg-logrotator\app\schedule\rotate_by_file.js
2025-03-07 21:24:25,965 INFO 19524 [egg-schedule]: register schedule D:\xuexishipin\exercise\zhu-fen-exercise\egg\9.egg\app\schedule\updateCache.js
2025-03-07 21:24:29,897 INFO 17652 [egg-schedule]: register schedule D:\xuexishipin\exercise\zhu-fen-exercise\egg\9.egg\node_modules\egg-multipart\app\schedule\clean_tmpdir.js
2025-03-07 21:24:29,897 INFO 17652 [egg-schedule]: register schedule D:\xuexishipin\exercise\zhu-fen-exercise\egg\9.egg\node_modules\egg-logrotator\app\schedule\clean_log.js
2025-03-07 21:24:29,897 INFO 17652 [egg-schedule]: register schedule D:\xuexishipin\exercise\zhu-fen-exercise\egg\9.egg\node_modules\egg-logrotator\app\schedule\rotate_by_file.js
2025-03-07 21:24:29,897 INFO 17652 [egg-schedule]: register schedule D:\xuexishipin\exercise\zhu-fen-exercise\egg\9.egg\app\schedule\updateCache.js
2025-03-07 21:24:46,689 INFO 19432 [egg-schedule]: register schedule D:\xuexishipin\exercise\zhu-fen-exercise\egg\9.egg\node_modules\egg-multipart\app\schedule\clean_tmpdir.js
2025-03-07 21:24:46,689 INFO 19432 [egg-schedule]: register schedule D:\xuexishipin\exercise\zhu-fen-exercise\egg\9.egg\node_modules\egg-logrotator\app\schedule\clean_log.js
2025-03-07 21:24:46,689 INFO 19432 [egg-schedule]: register schedule D:\xuexishipin\exercise\zhu-fen-exercise\egg\9.egg\node_modules\egg-logrotator\app\schedule\rotate_by_file.js
2025-03-07 21:24:46,689 INFO 19432 [egg-schedule]: register schedule D:\xuexishipin\exercise\zhu-fen-exercise\egg\9.egg\app\schedule\updateCache.js
2025-03-07 21:24:49,446 INFO 17664 [egg-schedule]: register schedule D:\xuexishipin\exercise\zhu-fen-exercise\egg\9.egg\node_modules\egg-multipart\app\schedule\clean_tmpdir.js
2025-03-07 21:24:49,446 INFO 17664 [egg-schedule]: register schedule D:\xuexishipin\exercise\zhu-fen-exercise\egg\9.egg\node_modules\egg-logrotator\app\schedule\clean_log.js
2025-03-07 21:24:49,447 INFO 17664 [egg-schedule]: register schedule D:\xuexishipin\exercise\zhu-fen-exercise\egg\9.egg\node_modules\egg-logrotator\app\schedule\rotate_by_file.js
2025-03-07 21:24:49,447 INFO 17664 [egg-schedule]: register schedule D:\xuexishipin\exercise\zhu-fen-exercise\egg\9.egg\app\schedule\updateCache.js
2025-03-07 21:24:51,202 INFO 8148 [egg-schedule]: register schedule D:\xuexishipin\exercise\zhu-fen-exercise\egg\9.egg\node_modules\egg-multipart\app\schedule\clean_tmpdir.js
2025-03-07 21:24:51,202 INFO 8148 [egg-schedule]: register schedule D:\xuexishipin\exercise\zhu-fen-exercise\egg\9.egg\node_modules\egg-logrotator\app\schedule\clean_log.js
2025-03-07 21:24:51,202 INFO 8148 [egg-schedule]: register schedule D:\xuexishipin\exercise\zhu-fen-exercise\egg\9.egg\node_modules\egg-logrotator\app\schedule\rotate_by_file.js
2025-03-07 21:24:51,202 INFO 8148 [egg-schedule]: register schedule D:\xuexishipin\exercise\zhu-fen-exercise\egg\9.egg\app\schedule\updateCache.js
2025-03-07 21:24:54,487 INFO 7928 [egg-schedule]: register schedule D:\xuexishipin\exercise\zhu-fen-exercise\egg\9.egg\node_modules\egg-multipart\app\schedule\clean_tmpdir.js
2025-03-07 21:24:54,487 INFO 7928 [egg-schedule]: register schedule D:\xuexishipin\exercise\zhu-fen-exercise\egg\9.egg\node_modules\egg-logrotator\app\schedule\clean_log.js
2025-03-07 21:24:54,487 INFO 7928 [egg-schedule]: register schedule D:\xuexishipin\exercise\zhu-fen-exercise\egg\9.egg\node_modules\egg-logrotator\app\schedule\rotate_by_file.js
2025-03-07 21:24:54,487 INFO 7928 [egg-schedule]: register schedule D:\xuexishipin\exercise\zhu-fen-exercise\egg\9.egg\app\schedule\updateCache.js
2025-03-07 21:25:01,399 INFO 21180 [egg-schedule]: register schedule D:\xuexishipin\exercise\zhu-fen-exercise\egg\9.egg\node_modules\egg-multipart\app\schedule\clean_tmpdir.js
2025-03-07 21:25:01,399 INFO 21180 [egg-schedule]: register schedule D:\xuexishipin\exercise\zhu-fen-exercise\egg\9.egg\node_modules\egg-logrotator\app\schedule\clean_log.js
2025-03-07 21:25:01,400 INFO 21180 [egg-schedule]: register schedule D:\xuexishipin\exercise\zhu-fen-exercise\egg\9.egg\node_modules\egg-logrotator\app\schedule\rotate_by_file.js
2025-03-07 21:25:01,400 INFO 21180 [egg-schedule]: register schedule D:\xuexishipin\exercise\zhu-fen-exercise\egg\9.egg\app\schedule\updateCache.js
2025-03-07 21:25:09,611 INFO 18928 [egg-schedule]: register schedule D:\xuexishipin\exercise\zhu-fen-exercise\egg\9.egg\node_modules\egg-multipart\app\schedule\clean_tmpdir.js
2025-03-07 21:25:09,611 INFO 18928 [egg-schedule]: register schedule D:\xuexishipin\exercise\zhu-fen-exercise\egg\9.egg\node_modules\egg-logrotator\app\schedule\clean_log.js
2025-03-07 21:25:09,611 INFO 18928 [egg-schedule]: register schedule D:\xuexishipin\exercise\zhu-fen-exercise\egg\9.egg\node_modules\egg-logrotator\app\schedule\rotate_by_file.js
2025-03-07 21:25:09,611 INFO 18928 [egg-schedule]: register schedule D:\xuexishipin\exercise\zhu-fen-exercise\egg\9.egg\app\schedule\updateCache.js
2025-03-07 21:26:09,585 INFO 19620 [egg-schedule]: register schedule D:\xuexishipin\exercise\zhu-fen-exercise\egg\9.egg\node_modules\egg-multipart\app\schedule\clean_tmpdir.js
2025-03-07 21:26:09,585 INFO 19620 [egg-schedule]: register schedule D:\xuexishipin\exercise\zhu-fen-exercise\egg\9.egg\node_modules\egg-logrotator\app\schedule\clean_log.js
2025-03-07 21:26:09,586 INFO 19620 [egg-schedule]: register schedule D:\xuexishipin\exercise\zhu-fen-exercise\egg\9.egg\node_modules\egg-logrotator\app\schedule\rotate_by_file.js
2025-03-07 21:26:09,586 INFO 19620 [egg-schedule]: register schedule D:\xuexishipin\exercise\zhu-fen-exercise\egg\9.egg\app\schedule\updateCache.js
2025-03-07 21:26:11,736 INFO 19292 [egg-schedule]: register schedule D:\xuexishipin\exercise\zhu-fen-exercise\egg\9.egg\node_modules\egg-multipart\app\schedule\clean_tmpdir.js
2025-03-07 21:26:11,736 INFO 19292 [egg-schedule]: register schedule D:\xuexishipin\exercise\zhu-fen-exercise\egg\9.egg\node_modules\egg-logrotator\app\schedule\clean_log.js
2025-03-07 21:26:11,736 INFO 19292 [egg-schedule]: register schedule D:\xuexishipin\exercise\zhu-fen-exercise\egg\9.egg\node_modules\egg-logrotator\app\schedule\rotate_by_file.js
2025-03-07 21:26:11,736 INFO 19292 [egg-schedule]: register schedule D:\xuexishipin\exercise\zhu-fen-exercise\egg\9.egg\app\schedule\updateCache.js
2025-03-07 21:26:17,418 INFO 19724 [egg-schedule]: register schedule D:\xuexishipin\exercise\zhu-fen-exercise\egg\9.egg\node_modules\egg-multipart\app\schedule\clean_tmpdir.js
2025-03-07 21:26:17,418 INFO 19724 [egg-schedule]: register schedule D:\xuexishipin\exercise\zhu-fen-exercise\egg\9.egg\node_modules\egg-logrotator\app\schedule\clean_log.js
2025-03-07 21:26:17,418 INFO 19724 [egg-schedule]: register schedule D:\xuexishipin\exercise\zhu-fen-exercise\egg\9.egg\node_modules\egg-logrotator\app\schedule\rotate_by_file.js
2025-03-07 21:26:17,418 INFO 19724 [egg-schedule]: register schedule D:\xuexishipin\exercise\zhu-fen-exercise\egg\9.egg\app\schedule\updateCache.js
2025-03-07 21:26:18,875 INFO 7572 [egg-schedule]: register schedule D:\xuexishipin\exercise\zhu-fen-exercise\egg\9.egg\node_modules\egg-multipart\app\schedule\clean_tmpdir.js
2025-03-07 21:26:18,875 INFO 7572 [egg-schedule]: register schedule D:\xuexishipin\exercise\zhu-fen-exercise\egg\9.egg\node_modules\egg-logrotator\app\schedule\clean_log.js
2025-03-07 21:26:18,875 INFO 7572 [egg-schedule]: register schedule D:\xuexishipin\exercise\zhu-fen-exercise\egg\9.egg\node_modules\egg-logrotator\app\schedule\rotate_by_file.js
2025-03-07 21:26:18,875 INFO 7572 [egg-schedule]: register schedule D:\xuexishipin\exercise\zhu-fen-exercise\egg\9.egg\app\schedule\updateCache.js
2025-03-07 21:26:27,648 INFO 18272 [egg-schedule]: register schedule D:\xuexishipin\exercise\zhu-fen-exercise\egg\9.egg\node_modules\egg-multipart\app\schedule\clean_tmpdir.js
2025-03-07 21:26:27,648 INFO 18272 [egg-schedule]: register schedule D:\xuexishipin\exercise\zhu-fen-exercise\egg\9.egg\node_modules\egg-logrotator\app\schedule\clean_log.js
2025-03-07 21:26:27,648 INFO 18272 [egg-schedule]: register schedule D:\xuexishipin\exercise\zhu-fen-exercise\egg\9.egg\node_modules\egg-logrotator\app\schedule\rotate_by_file.js
2025-03-07 21:26:27,648 INFO 18272 [egg-schedule]: register schedule D:\xuexishipin\exercise\zhu-fen-exercise\egg\9.egg\app\schedule\updateCache.js
2025-03-07 21:26:31,078 INFO 7588 [egg-schedule]: register schedule D:\xuexishipin\exercise\zhu-fen-exercise\egg\9.egg\node_modules\egg-multipart\app\schedule\clean_tmpdir.js
2025-03-07 21:26:31,078 INFO 7588 [egg-schedule]: register schedule D:\xuexishipin\exercise\zhu-fen-exercise\egg\9.egg\node_modules\egg-logrotator\app\schedule\clean_log.js
2025-03-07 21:26:31,078 INFO 7588 [egg-schedule]: register schedule D:\xuexishipin\exercise\zhu-fen-exercise\egg\9.egg\node_modules\egg-logrotator\app\schedule\rotate_by_file.js
2025-03-07 21:26:31,078 INFO 7588 [egg-schedule]: register schedule D:\xuexishipin\exercise\zhu-fen-exercise\egg\9.egg\app\schedule\updateCache.js
2025-03-07 21:26:37,299 INFO 19476 [egg-schedule]: register schedule D:\xuexishipin\exercise\zhu-fen-exercise\egg\9.egg\node_modules\egg-multipart\app\schedule\clean_tmpdir.js
2025-03-07 21:26:37,299 INFO 19476 [egg-schedule]: register schedule D:\xuexishipin\exercise\zhu-fen-exercise\egg\9.egg\node_modules\egg-logrotator\app\schedule\clean_log.js
2025-03-07 21:26:37,299 INFO 19476 [egg-schedule]: register schedule D:\xuexishipin\exercise\zhu-fen-exercise\egg\9.egg\node_modules\egg-logrotator\app\schedule\rotate_by_file.js
2025-03-07 21:26:37,299 INFO 19476 [egg-schedule]: register schedule D:\xuexishipin\exercise\zhu-fen-exercise\egg\9.egg\app\schedule\updateCache.js
2025-03-07 21:26:39,192 INFO 20808 [egg-schedule]: register schedule D:\xuexishipin\exercise\zhu-fen-exercise\egg\9.egg\node_modules\egg-multipart\app\schedule\clean_tmpdir.js
2025-03-07 21:26:39,192 INFO 20808 [egg-schedule]: register schedule D:\xuexishipin\exercise\zhu-fen-exercise\egg\9.egg\node_modules\egg-logrotator\app\schedule\clean_log.js
2025-03-07 21:26:39,192 INFO 20808 [egg-schedule]: register schedule D:\xuexishipin\exercise\zhu-fen-exercise\egg\9.egg\node_modules\egg-logrotator\app\schedule\rotate_by_file.js
2025-03-07 21:26:39,192 INFO 20808 [egg-schedule]: register schedule D:\xuexishipin\exercise\zhu-fen-exercise\egg\9.egg\app\schedule\updateCache.js
2025-03-07 21:26:51,515 INFO 20688 [egg-schedule]: register schedule D:\xuexishipin\exercise\zhu-fen-exercise\egg\9.egg\node_modules\egg-multipart\app\schedule\clean_tmpdir.js
2025-03-07 21:26:51,515 INFO 20688 [egg-schedule]: register schedule D:\xuexishipin\exercise\zhu-fen-exercise\egg\9.egg\node_modules\egg-logrotator\app\schedule\clean_log.js
2025-03-07 21:26:51,515 INFO 20688 [egg-schedule]: register schedule D:\xuexishipin\exercise\zhu-fen-exercise\egg\9.egg\node_modules\egg-logrotator\app\schedule\rotate_by_file.js
2025-03-07 21:26:51,515 INFO 20688 [egg-schedule]: register schedule D:\xuexishipin\exercise\zhu-fen-exercise\egg\9.egg\app\schedule\updateCache.js
2025-03-07 21:27:01,695 INFO 18052 [egg-schedule]: register schedule D:\xuexishipin\exercise\zhu-fen-exercise\egg\9.egg\node_modules\egg-multipart\app\schedule\clean_tmpdir.js
2025-03-07 21:27:01,695 INFO 18052 [egg-schedule]: register schedule D:\xuexishipin\exercise\zhu-fen-exercise\egg\9.egg\node_modules\egg-logrotator\app\schedule\clean_log.js
2025-03-07 21:27:01,695 INFO 18052 [egg-schedule]: register schedule D:\xuexishipin\exercise\zhu-fen-exercise\egg\9.egg\node_modules\egg-logrotator\app\schedule\rotate_by_file.js
2025-03-07 21:27:01,695 INFO 18052 [egg-schedule]: register schedule D:\xuexishipin\exercise\zhu-fen-exercise\egg\9.egg\app\schedule\updateCache.js
2025-03-07 21:27:05,339 INFO 9956 [egg-schedule]: register schedule D:\xuexishipin\exercise\zhu-fen-exercise\egg\9.egg\node_modules\egg-multipart\app\schedule\clean_tmpdir.js
2025-03-07 21:27:05,339 INFO 9956 [egg-schedule]: register schedule D:\xuexishipin\exercise\zhu-fen-exercise\egg\9.egg\node_modules\egg-logrotator\app\schedule\clean_log.js
2025-03-07 21:27:05,339 INFO 9956 [egg-schedule]: register schedule D:\xuexishipin\exercise\zhu-fen-exercise\egg\9.egg\node_modules\egg-logrotator\app\schedule\rotate_by_file.js
2025-03-07 21:27:05,339 INFO 9956 [egg-schedule]: register schedule D:\xuexishipin\exercise\zhu-fen-exercise\egg\9.egg\app\schedule\updateCache.js
2025-03-07 21:32:48,369 INFO 10004 [egg-schedule]: register schedule D:\xuexishipin\exercise\zhu-fen-exercise\egg\9.egg\node_modules\egg-multipart\app\schedule\clean_tmpdir.js
2025-03-07 21:32:48,369 INFO 10004 [egg-schedule]: register schedule D:\xuexishipin\exercise\zhu-fen-exercise\egg\9.egg\node_modules\egg-logrotator\app\schedule\clean_log.js
2025-03-07 21:32:48,369 INFO 10004 [egg-schedule]: register schedule D:\xuexishipin\exercise\zhu-fen-exercise\egg\9.egg\node_modules\egg-logrotator\app\schedule\rotate_by_file.js
2025-03-07 21:32:48,369 INFO 10004 [egg-schedule]: register schedule D:\xuexishipin\exercise\zhu-fen-exercise\egg\9.egg\app\schedule\updateCache.js
2025-03-07 21:32:49,842 INFO 18204 [egg-schedule]: register schedule D:\xuexishipin\exercise\zhu-fen-exercise\egg\9.egg\node_modules\egg-multipart\app\schedule\clean_tmpdir.js
2025-03-07 21:32:49,842 INFO 18204 [egg-schedule]: register schedule D:\xuexishipin\exercise\zhu-fen-exercise\egg\9.egg\node_modules\egg-logrotator\app\schedule\clean_log.js
2025-03-07 21:32:49,842 INFO 18204 [egg-schedule]: register schedule D:\xuexishipin\exercise\zhu-fen-exercise\egg\9.egg\node_modules\egg-logrotator\app\schedule\rotate_by_file.js
2025-03-07 21:32:49,842 INFO 18204 [egg-schedule]: register schedule D:\xuexishipin\exercise\zhu-fen-exercise\egg\9.egg\app\schedule\updateCache.js
2025-03-07 21:33:00,157 INFO 19564 [egg-schedule]: register schedule D:\xuexishipin\exercise\zhu-fen-exercise\egg\9.egg\node_modules\egg-multipart\app\schedule\clean_tmpdir.js
2025-03-07 21:33:00,157 INFO 19564 [egg-schedule]: register schedule D:\xuexishipin\exercise\zhu-fen-exercise\egg\9.egg\node_modules\egg-logrotator\app\schedule\clean_log.js
2025-03-07 21:33:00,157 INFO 19564 [egg-schedule]: register schedule D:\xuexishipin\exercise\zhu-fen-exercise\egg\9.egg\node_modules\egg-logrotator\app\schedule\rotate_by_file.js
2025-03-07 21:33:00,157 INFO 19564 [egg-schedule]: register schedule D:\xuexishipin\exercise\zhu-fen-exercise\egg\9.egg\app\schedule\updateCache.js
2025-03-07 21:33:05,563 INFO 9192 [egg-schedule]: register schedule D:\xuexishipin\exercise\zhu-fen-exercise\egg\9.egg\node_modules\egg-multipart\app\schedule\clean_tmpdir.js
2025-03-07 21:33:05,563 INFO 9192 [egg-schedule]: register schedule D:\xuexishipin\exercise\zhu-fen-exercise\egg\9.egg\node_modules\egg-logrotator\app\schedule\clean_log.js
2025-03-07 21:33:05,563 INFO 9192 [egg-schedule]: register schedule D:\xuexishipin\exercise\zhu-fen-exercise\egg\9.egg\node_modules\egg-logrotator\app\schedule\rotate_by_file.js
2025-03-07 21:33:05,563 INFO 9192 [egg-schedule]: register schedule D:\xuexishipin\exercise\zhu-fen-exercise\egg\9.egg\app\schedule\updateCache.js
2025-03-07 21:33:15,335 INFO 13728 [egg-schedule]: register schedule D:\xuexishipin\exercise\zhu-fen-exercise\egg\9.egg\node_modules\egg-multipart\app\schedule\clean_tmpdir.js
2025-03-07 21:33:15,335 INFO 13728 [egg-schedule]: register schedule D:\xuexishipin\exercise\zhu-fen-exercise\egg\9.egg\node_modules\egg-logrotator\app\schedule\clean_log.js
2025-03-07 21:33:15,335 INFO 13728 [egg-schedule]: register schedule D:\xuexishipin\exercise\zhu-fen-exercise\egg\9.egg\node_modules\egg-logrotator\app\schedule\rotate_by_file.js
2025-03-07 21:33:15,335 INFO 13728 [egg-schedule]: register schedule D:\xuexishipin\exercise\zhu-fen-exercise\egg\9.egg\app\schedule\updateCache.js
2025-03-07 21:33:42,633 INFO 8204 [egg-schedule]: register schedule D:\xuexishipin\exercise\zhu-fen-exercise\egg\9.egg\node_modules\egg-multipart\app\schedule\clean_tmpdir.js
2025-03-07 21:33:42,634 INFO 8204 [egg-schedule]: register schedule D:\xuexishipin\exercise\zhu-fen-exercise\egg\9.egg\node_modules\egg-logrotator\app\schedule\clean_log.js
2025-03-07 21:33:42,634 INFO 8204 [egg-schedule]: register schedule D:\xuexishipin\exercise\zhu-fen-exercise\egg\9.egg\node_modules\egg-logrotator\app\schedule\rotate_by_file.js
2025-03-07 21:33:42,634 INFO 8204 [egg-schedule]: register schedule D:\xuexishipin\exercise\zhu-fen-exercise\egg\9.egg\app\schedule\updateCache.js
2025-03-07 21:33:44,909 INFO 19004 [egg-schedule]: register schedule D:\xuexishipin\exercise\zhu-fen-exercise\egg\9.egg\node_modules\egg-multipart\app\schedule\clean_tmpdir.js
2025-03-07 21:33:44,909 INFO 19004 [egg-schedule]: register schedule D:\xuexishipin\exercise\zhu-fen-exercise\egg\9.egg\node_modules\egg-logrotator\app\schedule\clean_log.js
2025-03-07 21:33:44,909 INFO 19004 [egg-schedule]: register schedule D:\xuexishipin\exercise\zhu-fen-exercise\egg\9.egg\node_modules\egg-logrotator\app\schedule\rotate_by_file.js
2025-03-07 21:33:44,909 INFO 19004 [egg-schedule]: register schedule D:\xuexishipin\exercise\zhu-fen-exercise\egg\9.egg\app\schedule\updateCache.js
2025-03-07 21:33:46,333 INFO 21088 [egg-schedule]: register schedule D:\xuexishipin\exercise\zhu-fen-exercise\egg\9.egg\node_modules\egg-multipart\app\schedule\clean_tmpdir.js
2025-03-07 21:33:46,333 INFO 21088 [egg-schedule]: register schedule D:\xuexishipin\exercise\zhu-fen-exercise\egg\9.egg\node_modules\egg-logrotator\app\schedule\clean_log.js
2025-03-07 21:33:46,333 INFO 21088 [egg-schedule]: register schedule D:\xuexishipin\exercise\zhu-fen-exercise\egg\9.egg\node_modules\egg-logrotator\app\schedule\rotate_by_file.js
2025-03-07 21:33:46,333 INFO 21088 [egg-schedule]: register schedule D:\xuexishipin\exercise\zhu-fen-exercise\egg\9.egg\app\schedule\updateCache.js
2025-03-07 21:33:51,709 INFO 21212 [egg-schedule]: register schedule D:\xuexishipin\exercise\zhu-fen-exercise\egg\9.egg\node_modules\egg-multipart\app\schedule\clean_tmpdir.js
2025-03-07 21:33:51,709 INFO 21212 [egg-schedule]: register schedule D:\xuexishipin\exercise\zhu-fen-exercise\egg\9.egg\node_modules\egg-logrotator\app\schedule\clean_log.js
2025-03-07 21:33:51,709 INFO 21212 [egg-schedule]: register schedule D:\xuexishipin\exercise\zhu-fen-exercise\egg\9.egg\node_modules\egg-logrotator\app\schedule\rotate_by_file.js
2025-03-07 21:33:51,709 INFO 21212 [egg-schedule]: register schedule D:\xuexishipin\exercise\zhu-fen-exercise\egg\9.egg\app\schedule\updateCache.js
2025-03-07 21:34:05,619 INFO 16612 [Timer] D:\xuexishipin\exercise\zhu-fen-exercise\egg\9.egg\node_modules\egg-multipart\app\schedule\clean_tmpdir.js next time will execute after 24954383ms at 2025-03-08 04:30:00.002
2025-03-07 21:34:05,619 INFO 16612 [Timer] D:\xuexishipin\exercise\zhu-fen-exercise\egg\9.egg\node_modules\egg-logrotator\app\schedule\clean_log.js next time will execute after 8754381ms at 2025-03-08 00:00:00.000
2025-03-07 21:34:05,620 INFO 16612 [Timer] D:\xuexishipin\exercise\zhu-fen-exercise\egg\9.egg\node_modules\egg-logrotator\app\schedule\rotate_by_file.js next time will execute after 8755381ms at 2025-03-08 00:00:01.001
2025-03-07 21:34:05,620 INFO 16612 [Timer] D:\xuexishipin\exercise\zhu-fen-exercise\egg\9.egg\app\schedule\updateCache.js next time will execute after 300000ms at 2025-03-07 21:39:05.620
2025-03-07 21:34:05,468 INFO 18616 [egg-schedule]: register schedule D:\xuexishipin\exercise\zhu-fen-exercise\egg\9.egg\node_modules\egg-multipart\app\schedule\clean_tmpdir.js
2025-03-07 21:34:05,468 INFO 18616 [egg-schedule]: register schedule D:\xuexishipin\exercise\zhu-fen-exercise\egg\9.egg\node_modules\egg-logrotator\app\schedule\clean_log.js
2025-03-07 21:34:05,468 INFO 18616 [egg-schedule]: register schedule D:\xuexishipin\exercise\zhu-fen-exercise\egg\9.egg\node_modules\egg-logrotator\app\schedule\rotate_by_file.js
2025-03-07 21:34:05,468 INFO 18616 [egg-schedule]: register schedule D:\xuexishipin\exercise\zhu-fen-exercise\egg\9.egg\app\schedule\updateCache.js
2025-03-07 21:34:25,226 INFO 6464 [egg-schedule]: register schedule D:\xuexishipin\exercise\zhu-fen-exercise\egg\9.egg\node_modules\egg-multipart\app\schedule\clean_tmpdir.js
2025-03-07 21:34:25,226 INFO 6464 [egg-schedule]: register schedule D:\xuexishipin\exercise\zhu-fen-exercise\egg\9.egg\node_modules\egg-logrotator\app\schedule\clean_log.js
2025-03-07 21:34:25,226 INFO 6464 [egg-schedule]: register schedule D:\xuexishipin\exercise\zhu-fen-exercise\egg\9.egg\node_modules\egg-logrotator\app\schedule\rotate_by_file.js
2025-03-07 21:34:25,226 INFO 6464 [egg-schedule]: register schedule D:\xuexishipin\exercise\zhu-fen-exercise\egg\9.egg\app\schedule\updateCache.js
2025-03-07 21:34:27,331 INFO 6528 [egg-schedule]: register schedule D:\xuexishipin\exercise\zhu-fen-exercise\egg\9.egg\node_modules\egg-multipart\app\schedule\clean_tmpdir.js
2025-03-07 21:34:27,331 INFO 6528 [egg-schedule]: register schedule D:\xuexishipin\exercise\zhu-fen-exercise\egg\9.egg\node_modules\egg-logrotator\app\schedule\clean_log.js
2025-03-07 21:34:27,331 INFO 6528 [egg-schedule]: register schedule D:\xuexishipin\exercise\zhu-fen-exercise\egg\9.egg\node_modules\egg-logrotator\app\schedule\rotate_by_file.js
2025-03-07 21:34:27,331 INFO 6528 [egg-schedule]: register schedule D:\xuexishipin\exercise\zhu-fen-exercise\egg\9.egg\app\schedule\updateCache.js
2025-03-07 21:34:29,237 INFO 14816 [egg-schedule]: register schedule D:\xuexishipin\exercise\zhu-fen-exercise\egg\9.egg\node_modules\egg-multipart\app\schedule\clean_tmpdir.js
2025-03-07 21:34:29,237 INFO 14816 [egg-schedule]: register schedule D:\xuexishipin\exercise\zhu-fen-exercise\egg\9.egg\node_modules\egg-logrotator\app\schedule\clean_log.js
2025-03-07 21:34:29,237 INFO 14816 [egg-schedule]: register schedule D:\xuexishipin\exercise\zhu-fen-exercise\egg\9.egg\node_modules\egg-logrotator\app\schedule\rotate_by_file.js
2025-03-07 21:34:29,237 INFO 14816 [egg-schedule]: register schedule D:\xuexishipin\exercise\zhu-fen-exercise\egg\9.egg\app\schedule\updateCache.js
2025-03-07 21:39:05,623 INFO 14816 [Job#17413547456211787285449869001] D:\xuexishipin\exercise\zhu-fen-exercise\egg\9.egg\app\schedule\updateCache.js executing by app
2025-03-07 21:39:05,634 ERROR 14816 [Job#17413547456211787285449869001] D:\xuexishipin\exercise\zhu-fen-exercise\egg\9.egg\app\schedule\updateCache.js execute failed, used 7ms. SyntaxError [JSONResponseFormatError]: Unexpected token < in JSON at position 0 (data json format: "<!DOCTYPE html>\n<html lang=\"en\">\n<head>\n<meta charset=\"utf-8\">\n<title>Error</title>\n</head>\n<body>\n<pre>Cannot GET /cache</pre>\n</body>\n</html>\n"), GET http://localhost:3000/cache 404 (connected: true, keepalive socket: false, agent status: {"createSocketCount":4,"createSocketErrorCount":0,"closeSocketCount":3,"errorSocketCount":0,"timeoutSocketCount":3,"requestCount":3,"freeSockets":{},"sockets":{"localhost:3000:":1},"requests":{}}, socketHandledRequests: 1, socketHandledResponses: 1)
headers: {"x-powered-by":"Express","content-security-policy":"default-src 'none'","x-content-type-options":"nosniff","content-type":"text/html; charset=utf-8","content-length":"144","date":"Fri, 07 Mar 2025 13:39:05 GMT","connection":"keep-alive","keep-alive":"timeout=5"}
    at JSON.parse (<anonymous>)
    at parseJSON (D:\xuexishipin\exercise\zhu-fen-exercise\egg\9.egg\node_modules\urllib\lib\urllib.js:1239:24)
    at D:\xuexishipin\exercise\zhu-fen-exercise\egg\9.egg\node_modules\urllib\lib\urllib.js:943:23
    at decodeContent (D:\xuexishipin\exercise\zhu-fen-exercise\egg\9.egg\node_modules\urllib\lib\urllib.js:740:14)
    at handleResponseCloseAndEnd (D:\xuexishipin\exercise\zhu-fen-exercise\egg\9.egg\node_modules\urllib\lib\urllib.js:924:7)
    at IncomingMessage.<anonymous> (D:\xuexishipin\exercise\zhu-fen-exercise\egg\9.egg\node_modules\urllib\lib\urllib.js:962:7)
    at IncomingMessage.emit (node:events:529:35)
    at endReadableNT (node:internal/streams/readable:1400:12)
    at process.processTicksAndRejections (node:internal/process/task_queues:82:21) {
  data: '<!DOCTYPE html>\n' +
    '<html lang="en">\n' +
    '<head>\n' +
    '<meta charset="utf-8">\n' +
    '<title>Error</title>\n' +
    '</head>\n' +
    '<body>\n' +
    '<pre>Cannot GET /cache</pre>\n' +
    '</body>\n' +
    '</html>\n',
  path: '/cache',
  status: 404,
  headers: {
    'x-powered-by': 'Express',
    'content-security-policy': "default-src 'none'",
    'x-content-type-options': 'nosniff',
    'content-type': 'text/html; charset=utf-8',
    'content-length': '144',
    date: 'Fri, 07 Mar 2025 13:39:05 GMT',
    connection: 'keep-alive',
    'keep-alive': 'timeout=5'
  },
  res: {
    status: 404,
    statusCode: 404,
    statusMessage: 'Not Found',
    headers: {
      'x-powered-by': 'Express',
      'content-security-policy': "default-src 'none'",
      'x-content-type-options': 'nosniff',
      'content-type': 'text/html; charset=utf-8',
      'content-length': '144',
      date: 'Fri, 07 Mar 2025 13:39:05 GMT',
      connection: 'keep-alive',
      'keep-alive': 'timeout=5'
    },
    size: 144,
    aborted: false,
    rt: 6,
    keepAliveSocket: false,
    data: '<!DOCTYPE html>\n' +
      '<html lang="en">\n' +
      '<head>\n' +
      '<meta charset="utf-8">\n' +
      '<title>Error</title>\n' +
      '</head>\n' +
      '<body>\n' +
      '<pre>Cannot GET /cache</pre>\n' +
      '</body>\n' +
      '</html>\n',
    requestUrls: [ 'http://localhost:3000/cache' ],
    timing: null,
    remoteAddress: '::1',
    remotePort: 3000,
    socketHandledRequests: 1,
    socketHandledResponses: 1
  }
}
2025-03-07 21:39:05,622 INFO 16612 [Timer] D:\xuexishipin\exercise\zhu-fen-exercise\egg\9.egg\app\schedule\updateCache.js next time will execute after 300000ms at 2025-03-07 21:44:05.622
2025-03-07 21:41:40,677 INFO 1272 [Timer] D:\xuexishipin\exercise\zhu-fen-exercise\egg\9.egg\node_modules\egg-multipart\app\schedule\clean_tmpdir.js next time will execute after 24499325ms at 2025-03-08 04:30:00.002
2025-03-07 21:41:40,678 INFO 1272 [Timer] D:\xuexishipin\exercise\zhu-fen-exercise\egg\9.egg\node_modules\egg-logrotator\app\schedule\clean_log.js next time will execute after 8299323ms at 2025-03-08 00:00:00.001
2025-03-07 21:41:40,678 INFO 1272 [Timer] D:\xuexishipin\exercise\zhu-fen-exercise\egg\9.egg\node_modules\egg-logrotator\app\schedule\rotate_by_file.js next time will execute after 8300322ms at 2025-03-08 00:00:01.000
2025-03-07 21:41:40,678 INFO 1272 [Timer] D:\xuexishipin\exercise\zhu-fen-exercise\egg\9.egg\app\schedule\updatecache.js next time will execute after 300000ms at 2025-03-07 21:46:40.678
2025-03-07 21:41:40,491 INFO 16960 [egg-schedule]: register schedule D:\xuexishipin\exercise\zhu-fen-exercise\egg\9.egg\node_modules\egg-multipart\app\schedule\clean_tmpdir.js
2025-03-07 21:41:40,491 INFO 16960 [egg-schedule]: register schedule D:\xuexishipin\exercise\zhu-fen-exercise\egg\9.egg\node_modules\egg-logrotator\app\schedule\clean_log.js
2025-03-07 21:41:40,491 INFO 16960 [egg-schedule]: register schedule D:\xuexishipin\exercise\zhu-fen-exercise\egg\9.egg\node_modules\egg-logrotator\app\schedule\rotate_by_file.js
2025-03-07 21:41:40,491 INFO 16960 [egg-schedule]: register schedule D:\xuexishipin\exercise\zhu-fen-exercise\egg\9.egg\app\schedule\updatecache.js
2025-03-07 21:42:23,259 INFO 12952 [Timer] D:\xuexishipin\exercise\zhu-fen-exercise\egg\9.egg\node_modules\egg-multipart\app\schedule\clean_tmpdir.js next time will execute after 24456743ms at 2025-03-08 04:30:00.002
2025-03-07 21:42:23,259 INFO 12952 [Timer] D:\xuexishipin\exercise\zhu-fen-exercise\egg\9.egg\node_modules\egg-logrotator\app\schedule\clean_log.js next time will execute after 8256741ms at 2025-03-08 00:00:00.000
2025-03-07 21:42:23,260 INFO 12952 [Timer] D:\xuexishipin\exercise\zhu-fen-exercise\egg\9.egg\node_modules\egg-logrotator\app\schedule\rotate_by_file.js next time will execute after 8257741ms at 2025-03-08 00:00:01.001
2025-03-07 21:42:23,260 INFO 12952 [Timer] D:\xuexishipin\exercise\zhu-fen-exercise\egg\9.egg\app\schedule\updatecache.js next time will execute after 300000ms at 2025-03-07 21:47:23.260
2025-03-07 21:42:23,093 INFO 15724 [egg-schedule]: register schedule D:\xuexishipin\exercise\zhu-fen-exercise\egg\9.egg\node_modules\egg-multipart\app\schedule\clean_tmpdir.js
2025-03-07 21:42:23,093 INFO 15724 [egg-schedule]: register schedule D:\xuexishipin\exercise\zhu-fen-exercise\egg\9.egg\node_modules\egg-logrotator\app\schedule\clean_log.js
2025-03-07 21:42:23,093 INFO 15724 [egg-schedule]: register schedule D:\xuexishipin\exercise\zhu-fen-exercise\egg\9.egg\node_modules\egg-logrotator\app\schedule\rotate_by_file.js
2025-03-07 21:42:23,093 INFO 15724 [egg-schedule]: register schedule D:\xuexishipin\exercise\zhu-fen-exercise\egg\9.egg\app\schedule\updatecache.js
2025-03-07 21:43:26,925 INFO 5688 [Timer] D:\xuexishipin\exercise\zhu-fen-exercise\egg\9.egg\node_modules\egg-multipart\app\schedule\clean_tmpdir.js next time will execute after 24393078ms at 2025-03-08 04:30:00.003
2025-03-07 21:43:26,925 INFO 5688 [Timer] D:\xuexishipin\exercise\zhu-fen-exercise\egg\9.egg\node_modules\egg-logrotator\app\schedule\clean_log.js next time will execute after 8193075ms at 2025-03-08 00:00:00.000
2025-03-07 21:43:26,925 INFO 5688 [Timer] D:\xuexishipin\exercise\zhu-fen-exercise\egg\9.egg\node_modules\egg-logrotator\app\schedule\rotate_by_file.js next time will execute after 8194075ms at 2025-03-08 00:00:01.000
2025-03-07 21:43:26,925 INFO 5688 [Timer] D:\xuexishipin\exercise\zhu-fen-exercise\egg\9.egg\app\schedule\updatecache.js next time will execute after 300000ms at 2025-03-07 21:48:26.925
2025-03-07 21:43:26,766 INFO 5392 [egg-schedule]: register schedule D:\xuexishipin\exercise\zhu-fen-exercise\egg\9.egg\node_modules\egg-multipart\app\schedule\clean_tmpdir.js
2025-03-07 21:43:26,766 INFO 5392 [egg-schedule]: register schedule D:\xuexishipin\exercise\zhu-fen-exercise\egg\9.egg\node_modules\egg-logrotator\app\schedule\clean_log.js
2025-03-07 21:43:26,766 INFO 5392 [egg-schedule]: register schedule D:\xuexishipin\exercise\zhu-fen-exercise\egg\9.egg\node_modules\egg-logrotator\app\schedule\rotate_by_file.js
2025-03-07 21:43:26,766 INFO 5392 [egg-schedule]: register schedule D:\xuexishipin\exercise\zhu-fen-exercise\egg\9.egg\app\schedule\updatecache.js
2025-03-07 21:44:34,050 INFO 20568 [egg-schedule]: register schedule D:\xuexishipin\exercise\zhu-fen-exercise\egg\9.egg\node_modules\egg-multipart\app\schedule\clean_tmpdir.js
2025-03-07 21:44:34,050 INFO 20568 [egg-schedule]: register schedule D:\xuexishipin\exercise\zhu-fen-exercise\egg\9.egg\node_modules\egg-logrotator\app\schedule\clean_log.js
2025-03-07 21:44:34,050 INFO 20568 [egg-schedule]: register schedule D:\xuexishipin\exercise\zhu-fen-exercise\egg\9.egg\node_modules\egg-logrotator\app\schedule\rotate_by_file.js
2025-03-07 21:44:34,050 INFO 20568 [egg-schedule]: register schedule D:\xuexishipin\exercise\zhu-fen-exercise\egg\9.egg\app\schedule\updatecache.js
2025-03-07 21:44:43,210 INFO 12616 [Timer] D:\xuexishipin\exercise\zhu-fen-exercise\egg\9.egg\node_modules\egg-multipart\app\schedule\clean_tmpdir.js next time will execute after 24316793ms at 2025-03-08 04:30:00.002
2025-03-07 21:44:43,210 INFO 12616 [Timer] D:\xuexishipin\exercise\zhu-fen-exercise\egg\9.egg\node_modules\egg-logrotator\app\schedule\clean_log.js next time will execute after 8116790ms at 2025-03-08 00:00:00.000
2025-03-07 21:44:43,210 INFO 12616 [Timer] D:\xuexishipin\exercise\zhu-fen-exercise\egg\9.egg\node_modules\egg-logrotator\app\schedule\rotate_by_file.js next time will execute after 8117790ms at 2025-03-08 00:00:01.000
2025-03-07 21:44:43,210 INFO 12616 [Timer] D:\xuexishipin\exercise\zhu-fen-exercise\egg\9.egg\app\schedule\updatecache.js next time will execute after 300000ms at 2025-03-07 21:49:43.210
2025-03-07 21:44:43,043 INFO 18752 [egg-schedule]: register schedule D:\xuexishipin\exercise\zhu-fen-exercise\egg\9.egg\node_modules\egg-multipart\app\schedule\clean_tmpdir.js
2025-03-07 21:44:43,043 INFO 18752 [egg-schedule]: register schedule D:\xuexishipin\exercise\zhu-fen-exercise\egg\9.egg\node_modules\egg-logrotator\app\schedule\clean_log.js
2025-03-07 21:44:43,043 INFO 18752 [egg-schedule]: register schedule D:\xuexishipin\exercise\zhu-fen-exercise\egg\9.egg\node_modules\egg-logrotator\app\schedule\rotate_by_file.js
2025-03-07 21:44:43,043 INFO 18752 [egg-schedule]: register schedule D:\xuexishipin\exercise\zhu-fen-exercise\egg\9.egg\app\schedule\updatecache.js
2025-03-07 21:45:13,517 INFO 18620 [egg-schedule]: register schedule D:\xuexishipin\exercise\zhu-fen-exercise\egg\9.egg\node_modules\egg-multipart\app\schedule\clean_tmpdir.js
2025-03-07 21:45:13,517 INFO 18620 [egg-schedule]: register schedule D:\xuexishipin\exercise\zhu-fen-exercise\egg\9.egg\node_modules\egg-logrotator\app\schedule\clean_log.js
2025-03-07 21:45:13,517 INFO 18620 [egg-schedule]: register schedule D:\xuexishipin\exercise\zhu-fen-exercise\egg\9.egg\node_modules\egg-logrotator\app\schedule\rotate_by_file.js
2025-03-07 21:45:13,517 INFO 18620 [egg-schedule]: register schedule D:\xuexishipin\exercise\zhu-fen-exercise\egg\9.egg\app\schedule\updatecache.js
2025-03-07 21:45:36,480 INFO 4832 [egg-schedule]: register schedule D:\xuexishipin\exercise\zhu-fen-exercise\egg\9.egg\node_modules\egg-multipart\app\schedule\clean_tmpdir.js
2025-03-07 21:45:36,480 INFO 4832 [egg-schedule]: register schedule D:\xuexishipin\exercise\zhu-fen-exercise\egg\9.egg\node_modules\egg-logrotator\app\schedule\clean_log.js
2025-03-07 21:45:36,480 INFO 4832 [egg-schedule]: register schedule D:\xuexishipin\exercise\zhu-fen-exercise\egg\9.egg\node_modules\egg-logrotator\app\schedule\rotate_by_file.js
2025-03-07 21:45:36,480 INFO 4832 [egg-schedule]: register schedule D:\xuexishipin\exercise\zhu-fen-exercise\egg\9.egg\app\schedule\updatecache.js
2025-03-07 21:45:40,804 INFO 16056 [egg-schedule]: register schedule D:\xuexishipin\exercise\zhu-fen-exercise\egg\9.egg\node_modules\egg-multipart\app\schedule\clean_tmpdir.js
2025-03-07 21:45:40,804 INFO 16056 [egg-schedule]: register schedule D:\xuexishipin\exercise\zhu-fen-exercise\egg\9.egg\node_modules\egg-logrotator\app\schedule\clean_log.js
2025-03-07 21:45:40,804 INFO 16056 [egg-schedule]: register schedule D:\xuexishipin\exercise\zhu-fen-exercise\egg\9.egg\node_modules\egg-logrotator\app\schedule\rotate_by_file.js
2025-03-07 21:45:40,804 INFO 16056 [egg-schedule]: register schedule D:\xuexishipin\exercise\zhu-fen-exercise\egg\9.egg\app\schedule\updatecache.js
2025-03-07 21:45:44,369 INFO 7548 [egg-schedule]: register schedule D:\xuexishipin\exercise\zhu-fen-exercise\egg\9.egg\node_modules\egg-multipart\app\schedule\clean_tmpdir.js
2025-03-07 21:45:44,369 INFO 7548 [egg-schedule]: register schedule D:\xuexishipin\exercise\zhu-fen-exercise\egg\9.egg\node_modules\egg-logrotator\app\schedule\clean_log.js
2025-03-07 21:45:44,369 INFO 7548 [egg-schedule]: register schedule D:\xuexishipin\exercise\zhu-fen-exercise\egg\9.egg\node_modules\egg-logrotator\app\schedule\rotate_by_file.js
2025-03-07 21:45:44,369 INFO 7548 [egg-schedule]: register schedule D:\xuexishipin\exercise\zhu-fen-exercise\egg\9.egg\app\schedule\updatecache.js
2025-03-07 21:45:47,668 INFO 10772 [egg-schedule]: register schedule D:\xuexishipin\exercise\zhu-fen-exercise\egg\9.egg\node_modules\egg-multipart\app\schedule\clean_tmpdir.js
2025-03-07 21:45:47,668 INFO 10772 [egg-schedule]: register schedule D:\xuexishipin\exercise\zhu-fen-exercise\egg\9.egg\node_modules\egg-logrotator\app\schedule\clean_log.js
2025-03-07 21:45:47,668 INFO 10772 [egg-schedule]: register schedule D:\xuexishipin\exercise\zhu-fen-exercise\egg\9.egg\node_modules\egg-logrotator\app\schedule\rotate_by_file.js
2025-03-07 21:45:47,668 INFO 10772 [egg-schedule]: register schedule D:\xuexishipin\exercise\zhu-fen-exercise\egg\9.egg\app\schedule\updatecache.js
2025-03-07 21:45:48,618 INFO 20432 [egg-schedule]: register schedule D:\xuexishipin\exercise\zhu-fen-exercise\egg\9.egg\node_modules\egg-multipart\app\schedule\clean_tmpdir.js
2025-03-07 21:45:48,618 INFO 20432 [egg-schedule]: register schedule D:\xuexishipin\exercise\zhu-fen-exercise\egg\9.egg\node_modules\egg-logrotator\app\schedule\clean_log.js
2025-03-07 21:45:48,618 INFO 20432 [egg-schedule]: register schedule D:\xuexishipin\exercise\zhu-fen-exercise\egg\9.egg\node_modules\egg-logrotator\app\schedule\rotate_by_file.js
2025-03-07 21:45:48,618 INFO 20432 [egg-schedule]: register schedule D:\xuexishipin\exercise\zhu-fen-exercise\egg\9.egg\app\schedule\updatecache.js
2025-03-07 21:45:57,176 INFO 19592 [egg-schedule]: register schedule D:\xuexishipin\exercise\zhu-fen-exercise\egg\9.egg\node_modules\egg-multipart\app\schedule\clean_tmpdir.js
2025-03-07 21:45:57,176 INFO 19592 [egg-schedule]: register schedule D:\xuexishipin\exercise\zhu-fen-exercise\egg\9.egg\node_modules\egg-logrotator\app\schedule\clean_log.js
2025-03-07 21:45:57,176 INFO 19592 [egg-schedule]: register schedule D:\xuexishipin\exercise\zhu-fen-exercise\egg\9.egg\node_modules\egg-logrotator\app\schedule\rotate_by_file.js
2025-03-07 21:45:57,176 INFO 19592 [egg-schedule]: register schedule D:\xuexishipin\exercise\zhu-fen-exercise\egg\9.egg\app\schedule\updatecache.js
2025-03-07 21:46:06,626 INFO 20464 [Timer] D:\xuexishipin\exercise\zhu-fen-exercise\egg\9.egg\node_modules\egg-multipart\app\schedule\clean_tmpdir.js next time will execute after 24233377ms at 2025-03-08 04:30:00.003
2025-03-07 21:46:06,626 INFO 20464 [Timer] D:\xuexishipin\exercise\zhu-fen-exercise\egg\9.egg\node_modules\egg-logrotator\app\schedule\clean_log.js next time will execute after 8033374ms at 2025-03-08 00:00:00.000
2025-03-07 21:46:06,626 INFO 20464 [Timer] D:\xuexishipin\exercise\zhu-fen-exercise\egg\9.egg\node_modules\egg-logrotator\app\schedule\rotate_by_file.js next time will execute after 8034374ms at 2025-03-08 00:00:01.000
2025-03-07 21:46:06,626 INFO 20464 [Timer] D:\xuexishipin\exercise\zhu-fen-exercise\egg\9.egg\app\schedule\updatecache.js next time will execute after 300000ms at 2025-03-07 21:51:06.626
2025-03-07 21:46:06,460 INFO 19252 [egg-schedule]: register schedule D:\xuexishipin\exercise\zhu-fen-exercise\egg\9.egg\node_modules\egg-multipart\app\schedule\clean_tmpdir.js
2025-03-07 21:46:06,460 INFO 19252 [egg-schedule]: register schedule D:\xuexishipin\exercise\zhu-fen-exercise\egg\9.egg\node_modules\egg-logrotator\app\schedule\clean_log.js
2025-03-07 21:46:06,460 INFO 19252 [egg-schedule]: register schedule D:\xuexishipin\exercise\zhu-fen-exercise\egg\9.egg\node_modules\egg-logrotator\app\schedule\rotate_by_file.js
2025-03-07 21:46:06,460 INFO 19252 [egg-schedule]: register schedule D:\xuexishipin\exercise\zhu-fen-exercise\egg\9.egg\app\schedule\updatecache.js
2025-03-07 21:46:39,656 INFO 5240 [egg-schedule]: register schedule D:\xuexishipin\exercise\zhu-fen-exercise\egg\9.egg\node_modules\egg-multipart\app\schedule\clean_tmpdir.js
2025-03-07 21:46:39,656 INFO 5240 [egg-schedule]: register schedule D:\xuexishipin\exercise\zhu-fen-exercise\egg\9.egg\node_modules\egg-logrotator\app\schedule\clean_log.js
2025-03-07 21:46:39,656 INFO 5240 [egg-schedule]: register schedule D:\xuexishipin\exercise\zhu-fen-exercise\egg\9.egg\node_modules\egg-logrotator\app\schedule\rotate_by_file.js
2025-03-07 21:46:39,656 INFO 5240 [egg-schedule]: register schedule D:\xuexishipin\exercise\zhu-fen-exercise\egg\9.egg\app\schedule\updatecache.js
2025-03-07 21:46:42,448 INFO 17424 [egg-schedule]: register schedule D:\xuexishipin\exercise\zhu-fen-exercise\egg\9.egg\node_modules\egg-multipart\app\schedule\clean_tmpdir.js
2025-03-07 21:46:42,448 INFO 17424 [egg-schedule]: register schedule D:\xuexishipin\exercise\zhu-fen-exercise\egg\9.egg\node_modules\egg-logrotator\app\schedule\clean_log.js
2025-03-07 21:46:42,448 INFO 17424 [egg-schedule]: register schedule D:\xuexishipin\exercise\zhu-fen-exercise\egg\9.egg\node_modules\egg-logrotator\app\schedule\rotate_by_file.js
2025-03-07 21:46:42,448 INFO 17424 [egg-schedule]: register schedule D:\xuexishipin\exercise\zhu-fen-exercise\egg\9.egg\app\schedule\updatecache.js
2025-03-07 21:46:52,192 INFO 20160 [egg-schedule]: register schedule D:\xuexishipin\exercise\zhu-fen-exercise\egg\9.egg\node_modules\egg-multipart\app\schedule\clean_tmpdir.js
2025-03-07 21:46:52,192 INFO 20160 [egg-schedule]: register schedule D:\xuexishipin\exercise\zhu-fen-exercise\egg\9.egg\node_modules\egg-logrotator\app\schedule\clean_log.js
2025-03-07 21:46:52,192 INFO 20160 [egg-schedule]: register schedule D:\xuexishipin\exercise\zhu-fen-exercise\egg\9.egg\node_modules\egg-logrotator\app\schedule\rotate_by_file.js
2025-03-07 21:46:52,192 INFO 20160 [egg-schedule]: register schedule D:\xuexishipin\exercise\zhu-fen-exercise\egg\9.egg\app\schedule\updatecache.js
2025-03-07 21:47:02,623 INFO 5964 [Timer] D:\xuexishipin\exercise\zhu-fen-exercise\egg\9.egg\node_modules\egg-multipart\app\schedule\clean_tmpdir.js next time will execute after 24177381ms at 2025-03-08 04:30:00.004
2025-03-07 21:47:02,623 INFO 5964 [Timer] D:\xuexishipin\exercise\zhu-fen-exercise\egg\9.egg\node_modules\egg-logrotator\app\schedule\clean_log.js next time will execute after 7977377ms at 2025-03-08 00:00:00.000
2025-03-07 21:47:02,623 INFO 5964 [Timer] D:\xuexishipin\exercise\zhu-fen-exercise\egg\9.egg\node_modules\egg-logrotator\app\schedule\rotate_by_file.js next time will execute after 7978377ms at 2025-03-08 00:00:01.000
2025-03-07 21:47:02,624 INFO 5964 [Timer] D:\xuexishipin\exercise\zhu-fen-exercise\egg\9.egg\app\schedule\updatecache.js next time will execute after 300000ms at 2025-03-07 21:52:02.623
2025-03-07 21:47:02,463 INFO 3888 [egg-schedule]: register schedule D:\xuexishipin\exercise\zhu-fen-exercise\egg\9.egg\node_modules\egg-multipart\app\schedule\clean_tmpdir.js
2025-03-07 21:47:02,463 INFO 3888 [egg-schedule]: register schedule D:\xuexishipin\exercise\zhu-fen-exercise\egg\9.egg\node_modules\egg-logrotator\app\schedule\clean_log.js
2025-03-07 21:47:02,463 INFO 3888 [egg-schedule]: register schedule D:\xuexishipin\exercise\zhu-fen-exercise\egg\9.egg\node_modules\egg-logrotator\app\schedule\rotate_by_file.js
2025-03-07 21:47:02,463 INFO 3888 [egg-schedule]: register schedule D:\xuexishipin\exercise\zhu-fen-exercise\egg\9.egg\app\schedule\updatecache.js
2025-03-07 21:52:02,626 INFO 5964 [Timer] D:\xuexishipin\exercise\zhu-fen-exercise\egg\9.egg\app\schedule\updatecache.js next time will execute after 300000ms at 2025-03-07 21:57:02.626
2025-03-07 21:52:02,626 INFO 3888 [Job#17413555226251795055482902001] D:\xuexishipin\exercise\zhu-fen-exercise\egg\9.egg\app\schedule\updatecache.js executing by app
2025-03-07 21:52:02,632 INFO 3888 [Job#17413555226251795055482902001] D:\xuexishipin\exercise\zhu-fen-exercise\egg\9.egg\app\schedule\updatecache.js execute succeed, used 4ms. 
2025-03-07 21:54:50,058 INFO 8860 [egg-schedule]: register schedule D:\xuexishipin\exercise\zhu-fen-exercise\egg\9.egg\node_modules\egg-multipart\app\schedule\clean_tmpdir.js
2025-03-07 21:54:50,058 INFO 8860 [egg-schedule]: register schedule D:\xuexishipin\exercise\zhu-fen-exercise\egg\9.egg\node_modules\egg-logrotator\app\schedule\clean_log.js
2025-03-07 21:54:50,058 INFO 8860 [egg-schedule]: register schedule D:\xuexishipin\exercise\zhu-fen-exercise\egg\9.egg\node_modules\egg-logrotator\app\schedule\rotate_by_file.js
2025-03-07 21:54:50,060 INFO 8860 [egg-schedule]: register schedule D:\xuexishipin\exercise\zhu-fen-exercise\egg\9.egg\app\schedule\updatecache.js
2025-03-07 21:57:02,640 INFO 5964 [Timer] D:\xuexishipin\exercise\zhu-fen-exercise\egg\9.egg\app\schedule\updatecache.js next time will execute after 300000ms at 2025-03-07 22:02:02.640
2025-03-07 22:02:02,642 INFO 5964 [Timer] D:\xuexishipin\exercise\zhu-fen-exercise\egg\9.egg\app\schedule\updatecache.js next time will execute after 300000ms at 2025-03-07 22:07:02.642
2025-03-07 22:07:02,654 INFO 5964 [Timer] D:\xuexishipin\exercise\zhu-fen-exercise\egg\9.egg\app\schedule\updatecache.js next time will execute after 300000ms at 2025-03-07 22:12:02.654
2025-03-07 22:12:02,662 INFO 5964 [Timer] D:\xuexishipin\exercise\zhu-fen-exercise\egg\9.egg\app\schedule\updatecache.js next time will execute after 300000ms at 2025-03-07 22:17:02.662
2025-03-07 22:17:02,671 INFO 5964 [Timer] D:\xuexishipin\exercise\zhu-fen-exercise\egg\9.egg\app\schedule\updatecache.js next time will execute after 300000ms at 2025-03-07 22:22:02.671
2025-03-07 22:22:02,673 INFO 5964 [Timer] D:\xuexishipin\exercise\zhu-fen-exercise\egg\9.egg\app\schedule\updatecache.js next time will execute after 300000ms at 2025-03-07 22:27:02.673
2025-03-07 22:27:02,674 INFO 5964 [Timer] D:\xuexishipin\exercise\zhu-fen-exercise\egg\9.egg\app\schedule\updatecache.js next time will execute after 300000ms at 2025-03-07 22:32:02.674
2025-03-07 22:32:02,688 INFO 5964 [Timer] D:\xuexishipin\exercise\zhu-fen-exercise\egg\9.egg\app\schedule\updatecache.js next time will execute after 300000ms at 2025-03-07 22:37:02.688
2025-03-07 22:37:02,703 INFO 5964 [Timer] D:\xuexishipin\exercise\zhu-fen-exercise\egg\9.egg\app\schedule\updatecache.js next time will execute after 300000ms at 2025-03-07 22:42:02.703
2025-03-07 22:42:02,707 INFO 5964 [Timer] D:\xuexishipin\exercise\zhu-fen-exercise\egg\9.egg\app\schedule\updatecache.js next time will execute after 300000ms at 2025-03-07 22:47:02.707
2025-03-07 22:47:02,714 INFO 5964 [Timer] D:\xuexishipin\exercise\zhu-fen-exercise\egg\9.egg\app\schedule\updatecache.js next time will execute after 300000ms at 2025-03-07 22:52:02.714
2025-03-11 22:01:17,090 INFO 17672 [Timer] D:\xuexishipin\exercise\zhu-fen-exercise\egg\9.egg\node_modules\egg-multipart\app\schedule\clean_tmpdir.js next time will execute after 23322913ms at 2025-03-12 04:30:00.003
2025-03-11 22:01:17,091 INFO 17672 [Timer] D:\xuexishipin\exercise\zhu-fen-exercise\egg\9.egg\node_modules\egg-logrotator\app\schedule\clean_log.js next time will execute after 7122909ms at 2025-03-12 00:00:00.000
2025-03-11 22:01:17,091 INFO 17672 [Timer] D:\xuexishipin\exercise\zhu-fen-exercise\egg\9.egg\node_modules\egg-logrotator\app\schedule\rotate_by_file.js next time will execute after 7123909ms at 2025-03-12 00:00:01.000
2025-03-11 22:01:17,091 INFO 17672 [Timer] D:\xuexishipin\exercise\zhu-fen-exercise\egg\9.egg\app\schedule\updatecache.js next time will execute after 300000ms at 2025-03-11 22:06:17.091
2025-03-11 22:01:16,892 INFO 6312 [egg-schedule]: register schedule D:\xuexishipin\exercise\zhu-fen-exercise\egg\9.egg\node_modules\egg-multipart\app\schedule\clean_tmpdir.js
2025-03-11 22:01:16,893 INFO 6312 [egg-schedule]: register schedule D:\xuexishipin\exercise\zhu-fen-exercise\egg\9.egg\node_modules\egg-logrotator\app\schedule\clean_log.js
2025-03-11 22:01:16,893 INFO 6312 [egg-schedule]: register schedule D:\xuexishipin\exercise\zhu-fen-exercise\egg\9.egg\node_modules\egg-logrotator\app\schedule\rotate_by_file.js
2025-03-11 22:01:16,893 INFO 6312 [egg-schedule]: register schedule D:\xuexishipin\exercise\zhu-fen-exercise\egg\9.egg\app\schedule\updatecache.js
2025-03-11 22:06:17,103 INFO 17672 [Timer] D:\xuexishipin\exercise\zhu-fen-exercise\egg\9.egg\app\schedule\updatecache.js next time will execute after 300000ms at 2025-03-11 22:11:17.103
2025-03-11 22:06:17,104 INFO 6312 [Job#174170197710333359414297001] D:\xuexishipin\exercise\zhu-fen-exercise\egg\9.egg\app\schedule\updatecache.js executing by app
2025-03-11 22:06:17,110 INFO 6312 [Job#174170197710333359414297001] D:\xuexishipin\exercise\zhu-fen-exercise\egg\9.egg\app\schedule\updatecache.js execute succeed, used 6ms. 
2025-03-11 22:08:10,276 INFO 2608 [egg-schedule]: register schedule D:\xuexishipin\exercise\zhu-fen-exercise\egg\9.egg\node_modules\egg-multipart\app\schedule\clean_tmpdir.js
2025-03-11 22:08:10,276 INFO 2608 [egg-schedule]: register schedule D:\xuexishipin\exercise\zhu-fen-exercise\egg\9.egg\node_modules\egg-logrotator\app\schedule\clean_log.js
2025-03-11 22:08:10,276 INFO 2608 [egg-schedule]: register schedule D:\xuexishipin\exercise\zhu-fen-exercise\egg\9.egg\node_modules\egg-logrotator\app\schedule\rotate_by_file.js
2025-03-11 22:08:10,276 INFO 2608 [egg-schedule]: register schedule D:\xuexishipin\exercise\zhu-fen-exercise\egg\9.egg\app\schedule\updatecache.js
2025-03-11 22:09:54,004 INFO 19164 [egg-schedule]: register schedule D:\xuexishipin\exercise\zhu-fen-exercise\egg\9.egg\node_modules\egg-multipart\app\schedule\clean_tmpdir.js
2025-03-11 22:09:54,004 INFO 19164 [egg-schedule]: register schedule D:\xuexishipin\exercise\zhu-fen-exercise\egg\9.egg\node_modules\egg-logrotator\app\schedule\clean_log.js
2025-03-11 22:09:54,004 INFO 19164 [egg-schedule]: register schedule D:\xuexishipin\exercise\zhu-fen-exercise\egg\9.egg\node_modules\egg-logrotator\app\schedule\rotate_by_file.js
2025-03-11 22:09:54,004 INFO 19164 [egg-schedule]: register schedule D:\xuexishipin\exercise\zhu-fen-exercise\egg\9.egg\app\schedule\updatecache.js
2025-03-11 22:10:01,311 INFO 1916 [egg-schedule]: register schedule D:\xuexishipin\exercise\zhu-fen-exercise\egg\9.egg\node_modules\egg-multipart\app\schedule\clean_tmpdir.js
2025-03-11 22:10:01,311 INFO 1916 [egg-schedule]: register schedule D:\xuexishipin\exercise\zhu-fen-exercise\egg\9.egg\node_modules\egg-logrotator\app\schedule\clean_log.js
2025-03-11 22:10:01,311 INFO 1916 [egg-schedule]: register schedule D:\xuexishipin\exercise\zhu-fen-exercise\egg\9.egg\node_modules\egg-logrotator\app\schedule\rotate_by_file.js
2025-03-11 22:10:01,311 INFO 1916 [egg-schedule]: register schedule D:\xuexishipin\exercise\zhu-fen-exercise\egg\9.egg\app\schedule\updatecache.js
2025-03-11 22:10:03,315 INFO 1724 [egg-schedule]: register schedule D:\xuexishipin\exercise\zhu-fen-exercise\egg\9.egg\node_modules\egg-multipart\app\schedule\clean_tmpdir.js
2025-03-11 22:10:03,315 INFO 1724 [egg-schedule]: register schedule D:\xuexishipin\exercise\zhu-fen-exercise\egg\9.egg\node_modules\egg-logrotator\app\schedule\clean_log.js
2025-03-11 22:10:03,315 INFO 1724 [egg-schedule]: register schedule D:\xuexishipin\exercise\zhu-fen-exercise\egg\9.egg\node_modules\egg-logrotator\app\schedule\rotate_by_file.js
2025-03-11 22:10:03,315 INFO 1724 [egg-schedule]: register schedule D:\xuexishipin\exercise\zhu-fen-exercise\egg\9.egg\app\schedule\updatecache.js
2025-03-11 22:10:11,956 INFO 8968 [egg-schedule]: register schedule D:\xuexishipin\exercise\zhu-fen-exercise\egg\9.egg\node_modules\egg-multipart\app\schedule\clean_tmpdir.js
2025-03-11 22:10:11,956 INFO 8968 [egg-schedule]: register schedule D:\xuexishipin\exercise\zhu-fen-exercise\egg\9.egg\node_modules\egg-logrotator\app\schedule\clean_log.js
2025-03-11 22:10:11,956 INFO 8968 [egg-schedule]: register schedule D:\xuexishipin\exercise\zhu-fen-exercise\egg\9.egg\node_modules\egg-logrotator\app\schedule\rotate_by_file.js
2025-03-11 22:10:11,956 INFO 8968 [egg-schedule]: register schedule D:\xuexishipin\exercise\zhu-fen-exercise\egg\9.egg\app\schedule\updatecache.js
2025-03-11 22:10:13,376 INFO 2280 [egg-schedule]: register schedule D:\xuexishipin\exercise\zhu-fen-exercise\egg\9.egg\node_modules\egg-multipart\app\schedule\clean_tmpdir.js
2025-03-11 22:10:13,376 INFO 2280 [egg-schedule]: register schedule D:\xuexishipin\exercise\zhu-fen-exercise\egg\9.egg\node_modules\egg-logrotator\app\schedule\clean_log.js
2025-03-11 22:10:13,376 INFO 2280 [egg-schedule]: register schedule D:\xuexishipin\exercise\zhu-fen-exercise\egg\9.egg\node_modules\egg-logrotator\app\schedule\rotate_by_file.js
2025-03-11 22:10:13,376 INFO 2280 [egg-schedule]: register schedule D:\xuexishipin\exercise\zhu-fen-exercise\egg\9.egg\app\schedule\updatecache.js
2025-03-11 22:10:25,226 INFO 11804 [egg-schedule]: register schedule D:\xuexishipin\exercise\zhu-fen-exercise\egg\9.egg\node_modules\egg-multipart\app\schedule\clean_tmpdir.js
2025-03-11 22:10:25,226 INFO 11804 [egg-schedule]: register schedule D:\xuexishipin\exercise\zhu-fen-exercise\egg\9.egg\node_modules\egg-logrotator\app\schedule\clean_log.js
2025-03-11 22:10:25,226 INFO 11804 [egg-schedule]: register schedule D:\xuexishipin\exercise\zhu-fen-exercise\egg\9.egg\node_modules\egg-logrotator\app\schedule\rotate_by_file.js
2025-03-11 22:10:25,226 INFO 11804 [egg-schedule]: register schedule D:\xuexishipin\exercise\zhu-fen-exercise\egg\9.egg\app\schedule\updatecache.js
2025-03-11 22:10:27,112 INFO 17996 [egg-schedule]: register schedule D:\xuexishipin\exercise\zhu-fen-exercise\egg\9.egg\node_modules\egg-multipart\app\schedule\clean_tmpdir.js
2025-03-11 22:10:27,112 INFO 17996 [egg-schedule]: register schedule D:\xuexishipin\exercise\zhu-fen-exercise\egg\9.egg\node_modules\egg-logrotator\app\schedule\clean_log.js
2025-03-11 22:10:27,112 INFO 17996 [egg-schedule]: register schedule D:\xuexishipin\exercise\zhu-fen-exercise\egg\9.egg\node_modules\egg-logrotator\app\schedule\rotate_by_file.js
2025-03-11 22:10:27,112 INFO 17996 [egg-schedule]: register schedule D:\xuexishipin\exercise\zhu-fen-exercise\egg\9.egg\app\schedule\updatecache.js
2025-03-11 22:10:53,274 INFO 372 [egg-schedule]: register schedule D:\xuexishipin\exercise\zhu-fen-exercise\egg\9.egg\node_modules\egg-multipart\app\schedule\clean_tmpdir.js
2025-03-11 22:10:53,275 INFO 372 [egg-schedule]: register schedule D:\xuexishipin\exercise\zhu-fen-exercise\egg\9.egg\node_modules\egg-logrotator\app\schedule\clean_log.js
2025-03-11 22:10:53,275 INFO 372 [egg-schedule]: register schedule D:\xuexishipin\exercise\zhu-fen-exercise\egg\9.egg\node_modules\egg-logrotator\app\schedule\rotate_by_file.js
2025-03-11 22:10:53,275 INFO 372 [egg-schedule]: register schedule D:\xuexishipin\exercise\zhu-fen-exercise\egg\9.egg\app\schedule\updatecache.js
2025-03-11 22:10:57,474 INFO 4760 [egg-schedule]: register schedule D:\xuexishipin\exercise\zhu-fen-exercise\egg\9.egg\node_modules\egg-multipart\app\schedule\clean_tmpdir.js
2025-03-11 22:10:57,474 INFO 4760 [egg-schedule]: register schedule D:\xuexishipin\exercise\zhu-fen-exercise\egg\9.egg\node_modules\egg-logrotator\app\schedule\clean_log.js
2025-03-11 22:10:57,474 INFO 4760 [egg-schedule]: register schedule D:\xuexishipin\exercise\zhu-fen-exercise\egg\9.egg\node_modules\egg-logrotator\app\schedule\rotate_by_file.js
2025-03-11 22:10:57,474 INFO 4760 [egg-schedule]: register schedule D:\xuexishipin\exercise\zhu-fen-exercise\egg\9.egg\app\schedule\updatecache.js
2025-03-11 22:11:02,162 INFO 17552 [egg-schedule]: register schedule D:\xuexishipin\exercise\zhu-fen-exercise\egg\9.egg\node_modules\egg-multipart\app\schedule\clean_tmpdir.js
2025-03-11 22:11:02,162 INFO 17552 [egg-schedule]: register schedule D:\xuexishipin\exercise\zhu-fen-exercise\egg\9.egg\node_modules\egg-logrotator\app\schedule\clean_log.js
2025-03-11 22:11:02,162 INFO 17552 [egg-schedule]: register schedule D:\xuexishipin\exercise\zhu-fen-exercise\egg\9.egg\node_modules\egg-logrotator\app\schedule\rotate_by_file.js
2025-03-11 22:11:02,162 INFO 17552 [egg-schedule]: register schedule D:\xuexishipin\exercise\zhu-fen-exercise\egg\9.egg\app\schedule\updatecache.js
2025-03-11 22:11:06,089 INFO 11352 [egg-schedule]: register schedule D:\xuexishipin\exercise\zhu-fen-exercise\egg\9.egg\node_modules\egg-multipart\app\schedule\clean_tmpdir.js
2025-03-11 22:11:06,089 INFO 11352 [egg-schedule]: register schedule D:\xuexishipin\exercise\zhu-fen-exercise\egg\9.egg\node_modules\egg-logrotator\app\schedule\clean_log.js
2025-03-11 22:11:06,089 INFO 11352 [egg-schedule]: register schedule D:\xuexishipin\exercise\zhu-fen-exercise\egg\9.egg\node_modules\egg-logrotator\app\schedule\rotate_by_file.js
2025-03-11 22:11:06,089 INFO 11352 [egg-schedule]: register schedule D:\xuexishipin\exercise\zhu-fen-exercise\egg\9.egg\app\schedule\updatecache.js
2025-03-11 22:11:08,722 INFO 5028 [egg-schedule]: register schedule D:\xuexishipin\exercise\zhu-fen-exercise\egg\9.egg\node_modules\egg-multipart\app\schedule\clean_tmpdir.js
2025-03-11 22:11:08,722 INFO 5028 [egg-schedule]: register schedule D:\xuexishipin\exercise\zhu-fen-exercise\egg\9.egg\node_modules\egg-logrotator\app\schedule\clean_log.js
2025-03-11 22:11:08,722 INFO 5028 [egg-schedule]: register schedule D:\xuexishipin\exercise\zhu-fen-exercise\egg\9.egg\node_modules\egg-logrotator\app\schedule\rotate_by_file.js
2025-03-11 22:11:08,722 INFO 5028 [egg-schedule]: register schedule D:\xuexishipin\exercise\zhu-fen-exercise\egg\9.egg\app\schedule\updatecache.js
2025-03-11 22:11:17,114 INFO 5028 [Job#174170227711336359516704002] D:\xuexishipin\exercise\zhu-fen-exercise\egg\9.egg\app\schedule\updatecache.js executing by app
2025-03-11 22:11:17,120 INFO 5028 [Job#174170227711336359516704002] D:\xuexishipin\exercise\zhu-fen-exercise\egg\9.egg\app\schedule\updatecache.js execute succeed, used 6ms. 
2025-03-11 22:11:17,114 INFO 17672 [Timer] D:\xuexishipin\exercise\zhu-fen-exercise\egg\9.egg\app\schedule\updatecache.js next time will execute after 300000ms at 2025-03-11 22:16:17.114
2025-03-11 22:11:23,428 INFO 14456 [egg-schedule]: register schedule D:\xuexishipin\exercise\zhu-fen-exercise\egg\9.egg\node_modules\egg-multipart\app\schedule\clean_tmpdir.js
2025-03-11 22:11:23,428 INFO 14456 [egg-schedule]: register schedule D:\xuexishipin\exercise\zhu-fen-exercise\egg\9.egg\node_modules\egg-logrotator\app\schedule\clean_log.js
2025-03-11 22:11:23,428 INFO 14456 [egg-schedule]: register schedule D:\xuexishipin\exercise\zhu-fen-exercise\egg\9.egg\node_modules\egg-logrotator\app\schedule\rotate_by_file.js
2025-03-11 22:11:23,428 INFO 14456 [egg-schedule]: register schedule D:\xuexishipin\exercise\zhu-fen-exercise\egg\9.egg\app\schedule\updatecache.js
2025-03-11 22:11:40,514 INFO 11420 [egg-schedule]: register schedule D:\xuexishipin\exercise\zhu-fen-exercise\egg\9.egg\node_modules\egg-multipart\app\schedule\clean_tmpdir.js
2025-03-11 22:11:40,514 INFO 11420 [egg-schedule]: register schedule D:\xuexishipin\exercise\zhu-fen-exercise\egg\9.egg\node_modules\egg-logrotator\app\schedule\clean_log.js
2025-03-11 22:11:40,514 INFO 11420 [egg-schedule]: register schedule D:\xuexishipin\exercise\zhu-fen-exercise\egg\9.egg\node_modules\egg-logrotator\app\schedule\rotate_by_file.js
2025-03-11 22:11:40,514 INFO 11420 [egg-schedule]: register schedule D:\xuexishipin\exercise\zhu-fen-exercise\egg\9.egg\app\schedule\updatecache.js
2025-03-11 22:11:43,264 INFO 12604 [egg-schedule]: register schedule D:\xuexishipin\exercise\zhu-fen-exercise\egg\9.egg\node_modules\egg-multipart\app\schedule\clean_tmpdir.js
2025-03-11 22:11:43,264 INFO 12604 [egg-schedule]: register schedule D:\xuexishipin\exercise\zhu-fen-exercise\egg\9.egg\node_modules\egg-logrotator\app\schedule\clean_log.js
2025-03-11 22:11:43,264 INFO 12604 [egg-schedule]: register schedule D:\xuexishipin\exercise\zhu-fen-exercise\egg\9.egg\node_modules\egg-logrotator\app\schedule\rotate_by_file.js
2025-03-11 22:11:43,264 INFO 12604 [egg-schedule]: register schedule D:\xuexishipin\exercise\zhu-fen-exercise\egg\9.egg\app\schedule\updatecache.js
2025-03-11 22:11:45,730 INFO 3716 [egg-schedule]: register schedule D:\xuexishipin\exercise\zhu-fen-exercise\egg\9.egg\node_modules\egg-multipart\app\schedule\clean_tmpdir.js
2025-03-11 22:11:45,730 INFO 3716 [egg-schedule]: register schedule D:\xuexishipin\exercise\zhu-fen-exercise\egg\9.egg\node_modules\egg-logrotator\app\schedule\clean_log.js
2025-03-11 22:11:45,730 INFO 3716 [egg-schedule]: register schedule D:\xuexishipin\exercise\zhu-fen-exercise\egg\9.egg\node_modules\egg-logrotator\app\schedule\rotate_by_file.js
2025-03-11 22:11:45,730 INFO 3716 [egg-schedule]: register schedule D:\xuexishipin\exercise\zhu-fen-exercise\egg\9.egg\app\schedule\updatecache.js
2025-03-11 22:12:50,814 INFO 14268 [egg-schedule]: register schedule D:\xuexishipin\exercise\zhu-fen-exercise\egg\9.egg\node_modules\egg-multipart\app\schedule\clean_tmpdir.js
2025-03-11 22:12:50,814 INFO 14268 [egg-schedule]: register schedule D:\xuexishipin\exercise\zhu-fen-exercise\egg\9.egg\node_modules\egg-logrotator\app\schedule\clean_log.js
2025-03-11 22:12:50,814 INFO 14268 [egg-schedule]: register schedule D:\xuexishipin\exercise\zhu-fen-exercise\egg\9.egg\node_modules\egg-logrotator\app\schedule\rotate_by_file.js
2025-03-11 22:12:50,814 INFO 14268 [egg-schedule]: register schedule D:\xuexishipin\exercise\zhu-fen-exercise\egg\9.egg\app\schedule\updatecache.js
2025-03-11 22:12:59,827 INFO 19096 [egg-schedule]: register schedule D:\xuexishipin\exercise\zhu-fen-exercise\egg\9.egg\node_modules\egg-multipart\app\schedule\clean_tmpdir.js
2025-03-11 22:12:59,827 INFO 19096 [egg-schedule]: register schedule D:\xuexishipin\exercise\zhu-fen-exercise\egg\9.egg\node_modules\egg-logrotator\app\schedule\clean_log.js
2025-03-11 22:12:59,827 INFO 19096 [egg-schedule]: register schedule D:\xuexishipin\exercise\zhu-fen-exercise\egg\9.egg\node_modules\egg-logrotator\app\schedule\rotate_by_file.js
2025-03-11 22:12:59,827 INFO 19096 [egg-schedule]: register schedule D:\xuexishipin\exercise\zhu-fen-exercise\egg\9.egg\app\schedule\updatecache.js
2025-03-11 22:13:01,955 INFO 13304 [egg-schedule]: register schedule D:\xuexishipin\exercise\zhu-fen-exercise\egg\9.egg\node_modules\egg-multipart\app\schedule\clean_tmpdir.js
2025-03-11 22:13:01,955 INFO 13304 [egg-schedule]: register schedule D:\xuexishipin\exercise\zhu-fen-exercise\egg\9.egg\node_modules\egg-logrotator\app\schedule\clean_log.js
2025-03-11 22:13:01,955 INFO 13304 [egg-schedule]: register schedule D:\xuexishipin\exercise\zhu-fen-exercise\egg\9.egg\node_modules\egg-logrotator\app\schedule\rotate_by_file.js
2025-03-11 22:13:01,955 INFO 13304 [egg-schedule]: register schedule D:\xuexishipin\exercise\zhu-fen-exercise\egg\9.egg\app\schedule\updatecache.js
2025-03-11 22:13:07,777 INFO 17256 [egg-schedule]: register schedule D:\xuexishipin\exercise\zhu-fen-exercise\egg\9.egg\node_modules\egg-multipart\app\schedule\clean_tmpdir.js
2025-03-11 22:13:07,777 INFO 17256 [egg-schedule]: register schedule D:\xuexishipin\exercise\zhu-fen-exercise\egg\9.egg\node_modules\egg-logrotator\app\schedule\clean_log.js
2025-03-11 22:13:07,777 INFO 17256 [egg-schedule]: register schedule D:\xuexishipin\exercise\zhu-fen-exercise\egg\9.egg\node_modules\egg-logrotator\app\schedule\rotate_by_file.js
2025-03-11 22:13:07,777 INFO 17256 [egg-schedule]: register schedule D:\xuexishipin\exercise\zhu-fen-exercise\egg\9.egg\app\schedule\updatecache.js
2025-03-11 22:13:15,278 INFO 4536 [egg-schedule]: register schedule D:\xuexishipin\exercise\zhu-fen-exercise\egg\9.egg\node_modules\egg-multipart\app\schedule\clean_tmpdir.js
2025-03-11 22:13:15,278 INFO 4536 [egg-schedule]: register schedule D:\xuexishipin\exercise\zhu-fen-exercise\egg\9.egg\node_modules\egg-logrotator\app\schedule\clean_log.js
2025-03-11 22:13:15,278 INFO 4536 [egg-schedule]: register schedule D:\xuexishipin\exercise\zhu-fen-exercise\egg\9.egg\node_modules\egg-logrotator\app\schedule\rotate_by_file.js
2025-03-11 22:13:15,278 INFO 4536 [egg-schedule]: register schedule D:\xuexishipin\exercise\zhu-fen-exercise\egg\9.egg\app\schedule\updatecache.js
2025-03-11 22:13:17,317 INFO 9188 [egg-schedule]: register schedule D:\xuexishipin\exercise\zhu-fen-exercise\egg\9.egg\node_modules\egg-multipart\app\schedule\clean_tmpdir.js
2025-03-11 22:13:17,317 INFO 9188 [egg-schedule]: register schedule D:\xuexishipin\exercise\zhu-fen-exercise\egg\9.egg\node_modules\egg-logrotator\app\schedule\clean_log.js
2025-03-11 22:13:17,317 INFO 9188 [egg-schedule]: register schedule D:\xuexishipin\exercise\zhu-fen-exercise\egg\9.egg\node_modules\egg-logrotator\app\schedule\rotate_by_file.js
2025-03-11 22:13:17,317 INFO 9188 [egg-schedule]: register schedule D:\xuexishipin\exercise\zhu-fen-exercise\egg\9.egg\app\schedule\updatecache.js
2025-03-11 22:13:34,636 INFO 8564 [egg-schedule]: register schedule D:\xuexishipin\exercise\zhu-fen-exercise\egg\9.egg\node_modules\egg-multipart\app\schedule\clean_tmpdir.js
2025-03-11 22:13:34,636 INFO 8564 [egg-schedule]: register schedule D:\xuexishipin\exercise\zhu-fen-exercise\egg\9.egg\node_modules\egg-logrotator\app\schedule\clean_log.js
2025-03-11 22:13:34,636 INFO 8564 [egg-schedule]: register schedule D:\xuexishipin\exercise\zhu-fen-exercise\egg\9.egg\node_modules\egg-logrotator\app\schedule\rotate_by_file.js
2025-03-11 22:13:34,636 INFO 8564 [egg-schedule]: register schedule D:\xuexishipin\exercise\zhu-fen-exercise\egg\9.egg\app\schedule\updatecache.js
2025-03-11 22:13:35,474 INFO 14268 [egg-schedule]: register schedule D:\xuexishipin\exercise\zhu-fen-exercise\egg\9.egg\node_modules\egg-multipart\app\schedule\clean_tmpdir.js
2025-03-11 22:13:35,474 INFO 14268 [egg-schedule]: register schedule D:\xuexishipin\exercise\zhu-fen-exercise\egg\9.egg\node_modules\egg-logrotator\app\schedule\clean_log.js
2025-03-11 22:13:35,474 INFO 14268 [egg-schedule]: register schedule D:\xuexishipin\exercise\zhu-fen-exercise\egg\9.egg\node_modules\egg-logrotator\app\schedule\rotate_by_file.js
2025-03-11 22:13:35,474 INFO 14268 [egg-schedule]: register schedule D:\xuexishipin\exercise\zhu-fen-exercise\egg\9.egg\app\schedule\updatecache.js
2025-03-11 22:13:40,246 INFO 17476 [egg-schedule]: register schedule D:\xuexishipin\exercise\zhu-fen-exercise\egg\9.egg\node_modules\egg-multipart\app\schedule\clean_tmpdir.js
2025-03-11 22:13:40,246 INFO 17476 [egg-schedule]: register schedule D:\xuexishipin\exercise\zhu-fen-exercise\egg\9.egg\node_modules\egg-logrotator\app\schedule\clean_log.js
2025-03-11 22:13:40,246 INFO 17476 [egg-schedule]: register schedule D:\xuexishipin\exercise\zhu-fen-exercise\egg\9.egg\node_modules\egg-logrotator\app\schedule\rotate_by_file.js
2025-03-11 22:13:40,246 INFO 17476 [egg-schedule]: register schedule D:\xuexishipin\exercise\zhu-fen-exercise\egg\9.egg\app\schedule\updatecache.js
2025-03-11 22:16:17,129 INFO 17672 [Timer] D:\xuexishipin\exercise\zhu-fen-exercise\egg\9.egg\app\schedule\updatecache.js next time will execute after 300000ms at 2025-03-11 22:21:17.129
2025-03-11 22:16:17,130 INFO 17476 [Job#174170257712939359675147003] D:\xuexishipin\exercise\zhu-fen-exercise\egg\9.egg\app\schedule\updatecache.js executing by app
2025-03-11 22:16:17,135 INFO 17476 [Job#174170257712939359675147003] D:\xuexishipin\exercise\zhu-fen-exercise\egg\9.egg\app\schedule\updatecache.js execute succeed, used 5ms. 
2025-03-11 22:16:38,233 INFO 17704 [egg-schedule]: register schedule D:\xuexishipin\exercise\zhu-fen-exercise\egg\9.egg\node_modules\egg-multipart\app\schedule\clean_tmpdir.js
2025-03-11 22:16:38,233 INFO 17704 [egg-schedule]: register schedule D:\xuexishipin\exercise\zhu-fen-exercise\egg\9.egg\node_modules\egg-logrotator\app\schedule\clean_log.js
2025-03-11 22:16:38,233 INFO 17704 [egg-schedule]: register schedule D:\xuexishipin\exercise\zhu-fen-exercise\egg\9.egg\node_modules\egg-logrotator\app\schedule\rotate_by_file.js
2025-03-11 22:16:38,233 INFO 17704 [egg-schedule]: register schedule D:\xuexishipin\exercise\zhu-fen-exercise\egg\9.egg\app\schedule\updatecache.js
2025-03-11 22:16:46,636 INFO 17512 [egg-schedule]: register schedule D:\xuexishipin\exercise\zhu-fen-exercise\egg\9.egg\node_modules\egg-multipart\app\schedule\clean_tmpdir.js
2025-03-11 22:16:46,636 INFO 17512 [egg-schedule]: register schedule D:\xuexishipin\exercise\zhu-fen-exercise\egg\9.egg\node_modules\egg-logrotator\app\schedule\clean_log.js
2025-03-11 22:16:46,636 INFO 17512 [egg-schedule]: register schedule D:\xuexishipin\exercise\zhu-fen-exercise\egg\9.egg\node_modules\egg-logrotator\app\schedule\rotate_by_file.js
2025-03-11 22:16:46,636 INFO 17512 [egg-schedule]: register schedule D:\xuexishipin\exercise\zhu-fen-exercise\egg\9.egg\app\schedule\updatecache.js
2025-03-11 22:16:50,005 INFO 13848 [egg-schedule]: register schedule D:\xuexishipin\exercise\zhu-fen-exercise\egg\9.egg\node_modules\egg-multipart\app\schedule\clean_tmpdir.js
2025-03-11 22:16:50,005 INFO 13848 [egg-schedule]: register schedule D:\xuexishipin\exercise\zhu-fen-exercise\egg\9.egg\node_modules\egg-logrotator\app\schedule\clean_log.js
2025-03-11 22:16:50,006 INFO 13848 [egg-schedule]: register schedule D:\xuexishipin\exercise\zhu-fen-exercise\egg\9.egg\node_modules\egg-logrotator\app\schedule\rotate_by_file.js
2025-03-11 22:16:50,006 INFO 13848 [egg-schedule]: register schedule D:\xuexishipin\exercise\zhu-fen-exercise\egg\9.egg\app\schedule\updatecache.js
2025-03-11 22:16:52,898 INFO 9220 [egg-schedule]: register schedule D:\xuexishipin\exercise\zhu-fen-exercise\egg\9.egg\node_modules\egg-multipart\app\schedule\clean_tmpdir.js
2025-03-11 22:16:52,898 INFO 9220 [egg-schedule]: register schedule D:\xuexishipin\exercise\zhu-fen-exercise\egg\9.egg\node_modules\egg-logrotator\app\schedule\clean_log.js
2025-03-11 22:16:52,899 INFO 9220 [egg-schedule]: register schedule D:\xuexishipin\exercise\zhu-fen-exercise\egg\9.egg\node_modules\egg-logrotator\app\schedule\rotate_by_file.js
2025-03-11 22:16:52,899 INFO 9220 [egg-schedule]: register schedule D:\xuexishipin\exercise\zhu-fen-exercise\egg\9.egg\app\schedule\updatecache.js
2025-03-11 22:18:15,410 INFO 7824 [egg-schedule]: register schedule D:\xuexishipin\exercise\zhu-fen-exercise\egg\9.egg\node_modules\egg-multipart\app\schedule\clean_tmpdir.js
2025-03-11 22:18:15,410 INFO 7824 [egg-schedule]: register schedule D:\xuexishipin\exercise\zhu-fen-exercise\egg\9.egg\node_modules\egg-logrotator\app\schedule\clean_log.js
2025-03-11 22:18:15,410 INFO 7824 [egg-schedule]: register schedule D:\xuexishipin\exercise\zhu-fen-exercise\egg\9.egg\node_modules\egg-logrotator\app\schedule\rotate_by_file.js
2025-03-11 22:18:15,410 INFO 7824 [egg-schedule]: register schedule D:\xuexishipin\exercise\zhu-fen-exercise\egg\9.egg\app\schedule\updatecache.js
2025-03-11 22:18:17,737 INFO 14292 [egg-schedule]: register schedule D:\xuexishipin\exercise\zhu-fen-exercise\egg\9.egg\node_modules\egg-multipart\app\schedule\clean_tmpdir.js
2025-03-11 22:18:17,737 INFO 14292 [egg-schedule]: register schedule D:\xuexishipin\exercise\zhu-fen-exercise\egg\9.egg\node_modules\egg-logrotator\app\schedule\clean_log.js
2025-03-11 22:18:17,737 INFO 14292 [egg-schedule]: register schedule D:\xuexishipin\exercise\zhu-fen-exercise\egg\9.egg\node_modules\egg-logrotator\app\schedule\rotate_by_file.js
2025-03-11 22:18:17,737 INFO 14292 [egg-schedule]: register schedule D:\xuexishipin\exercise\zhu-fen-exercise\egg\9.egg\app\schedule\updatecache.js
2025-03-11 22:18:21,976 INFO 14504 [egg-schedule]: register schedule D:\xuexishipin\exercise\zhu-fen-exercise\egg\9.egg\node_modules\egg-multipart\app\schedule\clean_tmpdir.js
2025-03-11 22:18:21,976 INFO 14504 [egg-schedule]: register schedule D:\xuexishipin\exercise\zhu-fen-exercise\egg\9.egg\node_modules\egg-logrotator\app\schedule\clean_log.js
2025-03-11 22:18:21,976 INFO 14504 [egg-schedule]: register schedule D:\xuexishipin\exercise\zhu-fen-exercise\egg\9.egg\node_modules\egg-logrotator\app\schedule\rotate_by_file.js
2025-03-11 22:18:21,976 INFO 14504 [egg-schedule]: register schedule D:\xuexishipin\exercise\zhu-fen-exercise\egg\9.egg\app\schedule\updatecache.js
2025-03-11 22:18:24,891 INFO 9592 [egg-schedule]: register schedule D:\xuexishipin\exercise\zhu-fen-exercise\egg\9.egg\node_modules\egg-multipart\app\schedule\clean_tmpdir.js
2025-03-11 22:18:24,891 INFO 9592 [egg-schedule]: register schedule D:\xuexishipin\exercise\zhu-fen-exercise\egg\9.egg\node_modules\egg-logrotator\app\schedule\clean_log.js
2025-03-11 22:18:24,892 INFO 9592 [egg-schedule]: register schedule D:\xuexishipin\exercise\zhu-fen-exercise\egg\9.egg\node_modules\egg-logrotator\app\schedule\rotate_by_file.js
2025-03-11 22:18:24,892 INFO 9592 [egg-schedule]: register schedule D:\xuexishipin\exercise\zhu-fen-exercise\egg\9.egg\app\schedule\updatecache.js
2025-03-11 22:18:31,968 INFO 17612 [egg-schedule]: register schedule D:\xuexishipin\exercise\zhu-fen-exercise\egg\9.egg\node_modules\egg-multipart\app\schedule\clean_tmpdir.js
2025-03-11 22:18:31,968 INFO 17612 [egg-schedule]: register schedule D:\xuexishipin\exercise\zhu-fen-exercise\egg\9.egg\node_modules\egg-logrotator\app\schedule\clean_log.js
2025-03-11 22:18:31,969 INFO 17612 [egg-schedule]: register schedule D:\xuexishipin\exercise\zhu-fen-exercise\egg\9.egg\node_modules\egg-logrotator\app\schedule\rotate_by_file.js
2025-03-11 22:18:31,969 INFO 17612 [egg-schedule]: register schedule D:\xuexishipin\exercise\zhu-fen-exercise\egg\9.egg\app\schedule\updatecache.js
2025-03-11 22:18:40,233 INFO 12052 [egg-schedule]: register schedule D:\xuexishipin\exercise\zhu-fen-exercise\egg\9.egg\node_modules\egg-multipart\app\schedule\clean_tmpdir.js
2025-03-11 22:18:40,233 INFO 12052 [egg-schedule]: register schedule D:\xuexishipin\exercise\zhu-fen-exercise\egg\9.egg\node_modules\egg-logrotator\app\schedule\clean_log.js
2025-03-11 22:18:40,233 INFO 12052 [egg-schedule]: register schedule D:\xuexishipin\exercise\zhu-fen-exercise\egg\9.egg\node_modules\egg-logrotator\app\schedule\rotate_by_file.js
2025-03-11 22:18:40,233 INFO 12052 [egg-schedule]: register schedule D:\xuexishipin\exercise\zhu-fen-exercise\egg\9.egg\app\schedule\updatecache.js
2025-03-11 22:18:41,792 INFO 17548 [egg-schedule]: register schedule D:\xuexishipin\exercise\zhu-fen-exercise\egg\9.egg\node_modules\egg-multipart\app\schedule\clean_tmpdir.js
2025-03-11 22:18:41,792 INFO 17548 [egg-schedule]: register schedule D:\xuexishipin\exercise\zhu-fen-exercise\egg\9.egg\node_modules\egg-logrotator\app\schedule\clean_log.js
2025-03-11 22:18:41,792 INFO 17548 [egg-schedule]: register schedule D:\xuexishipin\exercise\zhu-fen-exercise\egg\9.egg\node_modules\egg-logrotator\app\schedule\rotate_by_file.js
2025-03-11 22:18:41,792 INFO 17548 [egg-schedule]: register schedule D:\xuexishipin\exercise\zhu-fen-exercise\egg\9.egg\app\schedule\updatecache.js
2025-03-11 22:18:47,934 INFO 15248 [egg-schedule]: register schedule D:\xuexishipin\exercise\zhu-fen-exercise\egg\9.egg\node_modules\egg-multipart\app\schedule\clean_tmpdir.js
2025-03-11 22:18:47,934 INFO 15248 [egg-schedule]: register schedule D:\xuexishipin\exercise\zhu-fen-exercise\egg\9.egg\node_modules\egg-logrotator\app\schedule\clean_log.js
2025-03-11 22:18:47,934 INFO 15248 [egg-schedule]: register schedule D:\xuexishipin\exercise\zhu-fen-exercise\egg\9.egg\node_modules\egg-logrotator\app\schedule\rotate_by_file.js
2025-03-11 22:18:47,934 INFO 15248 [egg-schedule]: register schedule D:\xuexishipin\exercise\zhu-fen-exercise\egg\9.egg\app\schedule\updatecache.js
2025-03-11 22:18:51,007 INFO 8772 [egg-schedule]: register schedule D:\xuexishipin\exercise\zhu-fen-exercise\egg\9.egg\node_modules\egg-multipart\app\schedule\clean_tmpdir.js
2025-03-11 22:18:51,007 INFO 8772 [egg-schedule]: register schedule D:\xuexishipin\exercise\zhu-fen-exercise\egg\9.egg\node_modules\egg-logrotator\app\schedule\clean_log.js
2025-03-11 22:18:51,007 INFO 8772 [egg-schedule]: register schedule D:\xuexishipin\exercise\zhu-fen-exercise\egg\9.egg\node_modules\egg-logrotator\app\schedule\rotate_by_file.js
2025-03-11 22:18:51,007 INFO 8772 [egg-schedule]: register schedule D:\xuexishipin\exercise\zhu-fen-exercise\egg\9.egg\app\schedule\updatecache.js
2025-03-11 22:18:57,789 INFO 16748 [egg-schedule]: register schedule D:\xuexishipin\exercise\zhu-fen-exercise\egg\9.egg\node_modules\egg-multipart\app\schedule\clean_tmpdir.js
2025-03-11 22:18:57,789 INFO 16748 [egg-schedule]: register schedule D:\xuexishipin\exercise\zhu-fen-exercise\egg\9.egg\node_modules\egg-logrotator\app\schedule\clean_log.js
2025-03-11 22:18:57,789 INFO 16748 [egg-schedule]: register schedule D:\xuexishipin\exercise\zhu-fen-exercise\egg\9.egg\node_modules\egg-logrotator\app\schedule\rotate_by_file.js
2025-03-11 22:18:57,789 INFO 16748 [egg-schedule]: register schedule D:\xuexishipin\exercise\zhu-fen-exercise\egg\9.egg\app\schedule\updatecache.js
